OMNeT++ Discrete Event Simulation  (C) 1992-2016 Andras Varga, OpenSim Ltd.
Version: 5.0, build: 160414-aa4629c, edition: Academic Public License -- NOT FOR COMMERCIAL USE
See the license for distribution terms and warranty disclaimer
Setting up Cmdenv...
Loading NED files from ../../examples/veins:  1
Loading NED files from ..:  1
Loading NED files from ../../src/paradise:  7
Loading NED files from ../../src/veins:  30
Loading NED files from /home/felipe/Simulation/BaconNet/scenario:  1

Preparing for running configuration Center, run #10...
Scenario: $startCache=0, $policy=20, $caching=0, $maxCache=25, $zipfChar=1, $multimediaInterest=100, $trafficInterest=0, $networkInterest=0, $emergencyInterest=0, $repetition=0
Assigned runID=Center-10-20170131-00:45:08-13610
Setting up network `BaconScenario'...
Initializing...
(Lib) Building Content List with Zipf Value <1> and size <50000>.
(Lib) Content Library is ready.. Size: 50000
(Lib) Writing Content List to Statistics for collection (warning: might be ignored).

Running simulation...
** Event #0   t=0   Elapsed: 0.004s (0m 00s)  0% completed
     Speed:     ev/sec=0   simsec/sec=0   ev/simsec=0
     Messages:  created: 3   present: 3   in FES: 3
(St) Current Time is: 50
(St) Current Time is: 51
(St) Current Time is: 52
(St) Current Time is: 53
(St) Current Time is: 54
(St) Current Time is: 55
(St) Current Time is: 56
(St) Current Time is: 57
(St) Current Time is: 58
(St) Current Time is: 59
(St) Current Time is: 60
(St) Current Time is: 61
(St) Current Time is: 62
(St) Current Time is: 63
(St) Current Time is: 64
(St) Current Time is: 65
(St) Current Time is: 66
(St) Current Time is: 67
(St) Current Time is: 68
(St) Current Time is: 69
(St) Current Time is: 70
(St) Current Time is: 71
(St) Current Time is: 72
(St) Current Time is: 73
(St) Current Time is: 74
(St) Current Time is: 75
(St) Current Time is: 76
(St) Current Time is: 77
(St) Current Time is: 78
(St) Current Time is: 79
(St) Current Time is: 80
(St) Current Time is: 81
(St) Current Time is: 82
(St) Current Time is: 83
(St) Current Time is: 84
(St) Current Time is: 85
(St) Current Time is: 86
(St) Current Time is: 87
(St) Current Time is: 88
(St) Current Time is: 89
(St) Current Time is: 90
(St) Current Time is: 91
(St) Current Time is: 92
(St) Current Time is: 93
(St) Current Time is: 94
(St) Current Time is: 95
(St) Current Time is: 96
(St) Current Time is: 97
(St) Current Time is: 98
(St) Current Time is: 99
(St) Current Time is: 100
(St) Current Time is: 101
(St) Current Time is: 102
(St) Current Time is: 103
(St) Current Time is: 104
(St) Current Time is: 105
(St) Current Time is: 106
(St) Current Time is: 107
(St) Current Time is: 108
(St) Current Time is: 109
(St) Current Time is: 110
(St) Current Time is: 111
(St) Current Time is: 112
(St) Current Time is: 113
(St) Current Time is: 114
(St) Current Time is: 115
(St) Current Time is: 116
(St) Current Time is: 117
(St) Current Time is: 118
(St) Current Time is: 119
(St) Current Time is: 120
(St) Current Time is: 121
(St) Current Time is: 122
(St) Current Time is: 123
(St) Current Time is: 124
(St) Current Time is: 125
(St) Current Time is: 126
(St) Current Time is: 127
(St) Current Time is: 128
(St) Current Time is: 129
(St) Current Time is: 130
(St) Current Time is: 131
(St) Current Time is: 132
(St) Current Time is: 133
(St) Current Time is: 134
(St) Current Time is: 135
(St) Current Time is: 136
(St) Current Time is: 137
(St) Current Time is: 138
(St) Current Time is: 139
(St) Current Time is: 140
(St) Current Time is: 141
(St) Current Time is: 142
(St) Current Time is: 143
(St) Current Time is: 144
(St) Current Time is: 145
(St) Current Time is: 146
(St) Current Time is: 147
(St) Current Time is: 148
(St) Current Time is: 149
(St) Current Time is: 150
(St) Current Time is: 151
(St) Current Time is: 152
(St) Current Time is: 153
(St) Current Time is: 154
(St) Current Time is: 155
(St) Current Time is: 156
(St) Current Time is: 157
(St) Current Time is: 158
(St) Current Time is: 159
(St) Current Time is: 160
(St) Current Time is: 161
(St) Current Time is: 162
(St) Current Time is: 163
(St) Current Time is: 164
(St) Current Time is: 165
(St) Current Time is: 166
(St) Current Time is: 167
(St) Current Time is: 168
(St) Current Time is: 169
(St) Current Time is: 170
(St) Current Time is: 171
(St) Current Time is: 172
(St) Current Time is: 173
(St) Current Time is: 174
(St) Current Time is: 175
(St) Current Time is: 176
(St) Current Time is: 177
(St) Current Time is: 178
(St) Current Time is: 179
(St) Current Time is: 180
(St) Current Time is: 181
(St) Current Time is: 182
(St) Current Time is: 183
(St) Current Time is: 184
(St) Current Time is: 185
(St) Current Time is: 186
(St) Current Time is: 187
(St) Current Time is: 188
(St) Current Time is: 189
(St) Current Time is: 190
(St) Current Time is: 191
(St) Current Time is: 192
(St) Current Time is: 193
(St) Current Time is: 194
(St) Current Time is: 195
(St) Current Time is: 196
(St) Current Time is: 197
(St) Current Time is: 198
(St) Current Time is: 199
(St) Current Time is: 200
(St) Current Time is: 201
(St) Current Time is: 202
(St) Current Time is: 203
(St) Current Time is: 204
(St) Current Time is: 205
(St) Current Time is: 206
(St) Current Time is: 207
(St) Current Time is: 208
(St) Current Time is: 209
(St) Current Time is: 210
(St) Current Time is: 211
(St) Current Time is: 212
(St) Current Time is: 213
(St) Current Time is: 214
(St) Current Time is: 215
(St) Current Time is: 216
(St) Current Time is: 217
(St) Current Time is: 218
(St) Current Time is: 219
(St) Current Time is: 220
(St) Current Time is: 221
(St) Current Time is: 222
(St) Current Time is: 223
(St) Current Time is: 224
(St) Current Time is: 225
(St) Current Time is: 226
(St) Current Time is: 227
(St) Current Time is: 228
(St) Current Time is: 229
(St) Current Time is: 230
(St) Current Time is: 231
(St) Current Time is: 232
(St) Current Time is: 233
(St) Current Time is: 234
(St) Current Time is: 235
(St) Current Time is: 236
(St) Current Time is: 237
(St) Current Time is: 238
(St) Current Time is: 239
(St) Current Time is: 240
(St) Current Time is: 241
(St) Current Time is: 242
(St) Current Time is: 243
(St) Current Time is: 244
(St) Current Time is: 245
(St) Current Time is: 246
(St) Current Time is: 247
(St) Current Time is: 248
(St) Current Time is: 249
(St) Current Time is: 250
(St) Current Time is: 251
(St) Current Time is: 252
(St) Current Time is: 253
(St) Current Time is: 254
(St) Current Time is: 255
(St) Current Time is: 256
(St) Current Time is: 257
(St) Current Time is: 258
(St) Current Time is: 259
(St) Current Time is: 260
(St) Current Time is: 261
(St) Current Time is: 262
(St) Current Time is: 263
(St) Current Time is: 264
(St) Current Time is: 265
(St) Current Time is: 266
(St) Current Time is: 267
(St) Current Time is: 268
(St) Current Time is: 269
(St) Current Time is: 270
(St) Current Time is: 271
(St) Current Time is: 272
(St) Current Time is: 273
(St) Current Time is: 274
(St) Current Time is: 275
(St) Current Time is: 276
(St) Current Time is: 277
(St) Current Time is: 278
(St) Current Time is: 279
(St) Current Time is: 280
(St) Current Time is: 281
(St) Current Time is: 282
(St) Current Time is: 283
(St) Current Time is: 284
(St) Current Time is: 285
(St) Current Time is: 286
(St) Current Time is: 287
(St) Current Time is: 288
(St) Current Time is: 289
(St) Current Time is: 290
(St) Current Time is: 291
(St) Current Time is: 292
(St) Current Time is: 293
(St) Current Time is: 294
(St) Current Time is: 295
(St) Current Time is: 296
(St) Current Time is: 297
(St) Current Time is: 298
(St) Current Time is: 299
(St) Current Time is: 300
(St) Current Time is: 301
(St) Current Time is: 302
(St) Current Time is: 303
(St) Current Time is: 304
(St) Current Time is: 305
(St) Current Time is: 306
(St) Current Time is: 307
(St) Current Time is: 308
(St) Current Time is: 309
(St) Current Time is: 310
(St) Current Time is: 311
(St) Current Time is: 312
(St) Current Time is: 313
(St) Current Time is: 314
(St) Current Time is: 315
(St) Current Time is: 316
(St) Current Time is: 317
(St) Current Time is: 318
(St) Current Time is: 319
(St) Current Time is: 320
(St) Current Time is: 321
(St) Current Time is: 322
(St) Current Time is: 323
(St) Current Time is: 324
(St) Current Time is: 325
(St) Current Time is: 326
(St) Current Time is: 327
(St) Current Time is: 328
(St) Current Time is: 329
(St) Current Time is: 330
(St) Current Time is: 331
(St) Current Time is: 332
(St) Current Time is: 333
(St) Current Time is: 334
(St) Current Time is: 335
(St) Current Time is: 336
(St) Current Time is: 337
(St) Current Time is: 338
(St) Current Time is: 339
(St) Current Time is: 340
(St) Current Time is: 341
(St) Current Time is: 342
(St) Current Time is: 343
(St) Current Time is: 344
(St) Current Time is: 345
(St) Current Time is: 346
(St) Current Time is: 347
(St) Current Time is: 348
(St) Current Time is: 349
(St) Current Time is: 350
(St) Current Time is: 351
(St) Current Time is: 352
(St) Current Time is: 353
(St) Current Time is: 354
(St) Current Time is: 355
(St) Current Time is: 356
(St) Current Time is: 357
(St) Current Time is: 358
(St) Current Time is: 359
(St) Current Time is: 360
(St) Current Time is: 361
(St) Current Time is: 362
(St) Current Time is: 363
(St) Current Time is: 364
(St) Current Time is: 365
(St) Current Time is: 366
(St) Current Time is: 367
(St) Current Time is: 368
(St) Current Time is: 369
(St) Current Time is: 370
(St) Current Time is: 371
(St) Current Time is: 372
(St) Current Time is: 373
(St) Current Time is: 374
(St) Current Time is: 375
(St) Current Time is: 376
(St) Current Time is: 377
(St) Current Time is: 378
(St) Current Time is: 379
(St) Current Time is: 380
(St) Current Time is: 381
(St) Current Time is: 382
(St) Current Time is: 383
(St) Current Time is: 384
(St) Current Time is: 385
(St) Current Time is: 386
(St) Current Time is: 387
(St) Current Time is: 388
(St) Current Time is: 389
(St) Current Time is: 390
(St) Current Time is: 391
(St) Current Time is: 392
(St) Current Time is: 393
(St) Current Time is: 394
(St) Current Time is: 395
(St) Current Time is: 396
(St) Current Time is: 397
(St) Current Time is: 398
(St) Current Time is: 399
(St) Current Time is: 400
(St) Current Time is: 401
(St) Current Time is: 402
(St) Current Time is: 403
(St) Current Time is: 404
(St) Current Time is: 405
(St) Current Time is: 406
(St) Current Time is: 407
(St) Current Time is: 408
(St) Current Time is: 409
(St) Current Time is: 410
(St) Current Time is: 411
(St) Current Time is: 412
(St) Current Time is: 413
(St) Current Time is: 414
(St) Current Time is: 415
(St) Current Time is: 416
(St) Current Time is: 417
(St) Current Time is: 418
(St) Current Time is: 419
(St) Current Time is: 420
(St) Current Time is: 421
(St) Current Time is: 422
(St) Current Time is: 423
(St) Current Time is: 424
(St) Current Time is: 425
(St) Current Time is: 426
(St) Current Time is: 427
(St) Current Time is: 428
(St) Current Time is: 429
(St) Current Time is: 430
(St) Current Time is: 431
(St) Current Time is: 432
(St) Current Time is: 433
(St) Current Time is: 434
(St) Current Time is: 435
(St) Current Time is: 436
(St) Current Time is: 437
(St) Current Time is: 438
(St) Current Time is: 439
(St) Current Time is: 440
(St) Current Time is: 441
(St) Current Time is: 442
(St) Current Time is: 443
(St) Current Time is: 444
(St) Current Time is: 445
(St) Current Time is: 446
(St) Current Time is: 447
(St) Current Time is: 448
(St) Current Time is: 449
(St) Current Time is: 450
(St) Current Time is: 451
(St) Current Time is: 452
(St) Current Time is: 453
(St) Current Time is: 454
(St) Current Time is: 455
(St) Current Time is: 456
(St) Current Time is: 457
(St) Current Time is: 458
(St) Current Time is: 459
(St) Current Time is: 460
(St) Current Time is: 461
(St) Current Time is: 462
(St) Current Time is: 463
(St) Current Time is: 464
(St) Current Time is: 465
(St) Current Time is: 466
(St) Current Time is: 467
(St) Current Time is: 468
(St) Current Time is: 469
(St) Current Time is: 470
(St) Current Time is: 471
(St) Current Time is: 472
(St) Current Time is: 473
(St) Current Time is: 474
(St) Current Time is: 475
(St) Current Time is: 476
(St) Current Time is: 477
(St) Current Time is: 478
(St) Current Time is: 479
(St) Current Time is: 480
(St) Current Time is: 481
(St) Current Time is: 482
(St) Current Time is: 483
(St) Current Time is: 484
(St) Current Time is: 485
(St) Current Time is: 486
(St) Current Time is: 487
(St) Current Time is: 488
(St) Current Time is: 489
(St) Current Time is: 490
(St) Current Time is: 491
(St) Current Time is: 492
(St) Current Time is: 493
(St) Current Time is: 494
(St) Current Time is: 495
(St) Current Time is: 496
(St) Current Time is: 497
(St) Current Time is: 498
(St) Current Time is: 499
(St) Current Time is: 500
(St) Current Time is: 501
(St) Current Time is: 502
(St) Current Time is: 503
(St) Current Time is: 504
(St) Current Time is: 505
(St) Current Time is: 506
(St) Current Time is: 507
(St) Current Time is: 508
(St) Current Time is: 509
(St) Current Time is: 510
(St) Current Time is: 511
(St) Current Time is: 512
(St) Current Time is: 513
(St) Current Time is: 514
(St) Current Time is: 515
(St) Current Time is: 516
(St) Current Time is: 517
(St) Current Time is: 518
(St) Current Time is: 519
(St) Current Time is: 520
(St) Current Time is: 521
(St) Current Time is: 522
(St) Current Time is: 523
(St) Current Time is: 524
(St) Current Time is: 525
(St) Current Time is: 526
(St) Current Time is: 527
(St) Current Time is: 528
(St) Current Time is: 529
(St) Current Time is: 530
(St) Current Time is: 531
(St) Current Time is: 532
(St) Current Time is: 533
(St) Current Time is: 534
(St) Current Time is: 535
(St) Current Time is: 536
(St) Current Time is: 537
(St) Current Time is: 538
(St) Current Time is: 539
(St) Current Time is: 540
(St) Current Time is: 541
(St) Current Time is: 542
(St) Current Time is: 543
(St) Current Time is: 544
(St) Current Time is: 545
(St) Current Time is: 546
(St) Current Time is: 547
(St) Current Time is: 548
(St) Current Time is: 549
(St) Current Time is: 550
(St) Current Time is: 551
(St) Current Time is: 552
(St) Current Time is: 553
(St) Current Time is: 554
(St) Current Time is: 555
(St) Current Time is: 556
(St) Current Time is: 557
(St) Current Time is: 558
(St) Current Time is: 559
(St) Current Time is: 560
(St) Current Time is: 561
(St) Current Time is: 562
(St) Current Time is: 563
(St) Current Time is: 564
(St) Current Time is: 565
(St) Current Time is: 566
(St) Current Time is: 567
(St) Current Time is: 568
(St) Current Time is: 569
(St) Current Time is: 570
(St) Current Time is: 571
(St) Current Time is: 572
(St) Current Time is: 573
(St) Current Time is: 574
(St) Current Time is: 575
(St) Current Time is: 576
(St) Current Time is: 577
(St) Current Time is: 578
(St) Current Time is: 579
(St) Current Time is: 580
(St) Current Time is: 581
(St) Current Time is: 582
(St) Current Time is: 583
(St) Current Time is: 584
(St) Current Time is: 585
(St) Current Time is: 586
(St) Current Time is: 587
(St) Current Time is: 588
(St) Current Time is: 589
(St) Current Time is: 590
(St) Current Time is: 591
(St) Current Time is: 592
(St) Current Time is: 593
(St) Current Time is: 594
(St) Current Time is: 595
(St) Current Time is: 596
(St) Current Time is: 597
(St) Current Time is: 598
(St) Current Time is: 599
(St) Current Time is: 600
(St) Current Time is: 601
(St) Current Time is: 602
(St) Current Time is: 603
(St) Current Time is: 604
(St) Current Time is: 605
(St) Current Time is: 606
(St) Current Time is: 607
(St) Current Time is: 608
(St) Current Time is: 609
(St) Current Time is: 610
(St) Current Time is: 611
(St) Current Time is: 612
(St) Current Time is: 613
(St) Current Time is: 614
(St) Current Time is: 615
(St) Current Time is: 616
(St) Current Time is: 617
(St) Current Time is: 618
(St) Current Time is: 619
(St) Current Time is: 620
(St) Current Time is: 621
(St) Current Time is: 622
(St) Current Time is: 623
(St) Current Time is: 624
(St) Current Time is: 625
(St) Current Time is: 626
(St) Current Time is: 627
(St) Current Time is: 628
(St) Current Time is: 629
(St) Current Time is: 630
(St) Current Time is: 631
(St) Current Time is: 632
(St) Current Time is: 633
(St) Current Time is: 634
(St) Current Time is: 635
(St) Current Time is: 636
(St) Current Time is: 637
(St) Current Time is: 638
(St) Current Time is: 639
(St) Current Time is: 640
(St) Current Time is: 641
(St) Current Time is: 642
(St) Current Time is: 643
(St) Current Time is: 644
(St) Current Time is: 645
(St) Current Time is: 646
(St) Current Time is: 647
(St) Current Time is: 648
(St) Current Time is: 649
(St) Current Time is: 650
(St) Current Time is: 651
(St) Current Time is: 652
(St) Current Time is: 653
(St) Current Time is: 654
(St) Current Time is: 655
(St) Current Time is: 656
(St) Current Time is: 657
(St) Current Time is: 658
(St) Current Time is: 659
(St) Current Time is: 660
(St) Current Time is: 661
(St) Current Time is: 662
(St) Current Time is: 663
(St) Current Time is: 664
(St) Current Time is: 665
(St) Current Time is: 666
(St) Current Time is: 667
(St) Current Time is: 668
(St) Current Time is: 669
(St) Current Time is: 670
(St) Current Time is: 671
(St) Current Time is: 672
(St) Current Time is: 673
(St) Current Time is: 674
(St) Current Time is: 675
(St) Current Time is: 676
(St) Current Time is: 677
(St) Current Time is: 678
(St) Current Time is: 679
(St) Current Time is: 680
(St) Current Time is: 681
(St) Current Time is: 682
(St) Current Time is: 683
(St) Current Time is: 684
(St) Current Time is: 685
(St) Current Time is: 686
(St) Current Time is: 687
(St) Current Time is: 688
(St) Current Time is: 689
(St) Current Time is: 690
(St) Current Time is: 691
(St) Current Time is: 692
(St) Current Time is: 693
(St) Current Time is: 694
(St) Current Time is: 695
(St) Current Time is: 696
(St) Current Time is: 697
(St) Current Time is: 698
(St) Current Time is: 699
(St) Current Time is: 700
(St) Current Time is: 701
(St) Current Time is: 702
(St) Current Time is: 703
(St) Current Time is: 704
(St) Current Time is: 705
(St) Current Time is: 706
(St) Current Time is: 707
(St) Current Time is: 708
(St) Current Time is: 709
(St) Current Time is: 710
(St) Current Time is: 711
(St) Current Time is: 712
(St) Current Time is: 713
(St) Current Time is: 714
(St) Current Time is: 715
(St) Current Time is: 716
(St) Current Time is: 717
(St) Current Time is: 718
(St) Current Time is: 719
(St) Current Time is: 720
(St) Current Time is: 721
(St) Current Time is: 722
(St) Current Time is: 723
(St) Current Time is: 724
(St) Current Time is: 725
(St) Current Time is: 726
(St) Current Time is: 727
(St) Current Time is: 728
(St) Current Time is: 729
(St) Current Time is: 730
(St) Current Time is: 731
(St) Current Time is: 732
(St) Current Time is: 733
(St) Current Time is: 734
(St) Current Time is: 735
(St) Current Time is: 736
(St) Current Time is: 737
(St) Current Time is: 738
(St) Current Time is: 739
(St) Current Time is: 740
(St) Current Time is: 741
(St) Current Time is: 742
(St) Current Time is: 743
(St) Current Time is: 744
(St) Current Time is: 745
(St) Current Time is: 746
(St) Current Time is: 747
(St) Current Time is: 748
(St) Current Time is: 749
(St) Current Time is: 750
(St) Current Time is: 751
(St) Current Time is: 752
(St) Current Time is: 753
(St) Current Time is: 754
(St) Current Time is: 755
(St) Current Time is: 756
(St) Current Time is: 757
(St) Current Time is: 758
(St) Current Time is: 759
(St) Current Time is: 760
(St) Current Time is: 761
(St) Current Time is: 762
(St) Current Time is: 763
(St) Current Time is: 764
(St) Current Time is: 765
(St) Current Time is: 766
(St) Current Time is: 767
(St) Current Time is: 768
(St) Current Time is: 769
(St) Current Time is: 770
(St) Current Time is: 771
(St) Current Time is: 772
(St) Current Time is: 773
(St) Current Time is: 774
(St) Current Time is: 775
(St) Current Time is: 776
(St) Current Time is: 777
(St) Current Time is: 778
(St) Current Time is: 779
(St) Current Time is: 780
(St) Current Time is: 781
(St) Current Time is: 782
(St) Current Time is: 783
(St) Current Time is: 784
(St) Current Time is: 785
(St) Current Time is: 786
(St) Current Time is: 787
(St) Current Time is: 788
(St) Current Time is: 789
(St) Current Time is: 790
(St) Current Time is: 791
(St) Current Time is: 792
(St) Current Time is: 793
(St) Current Time is: 794
(St) Current Time is: 795
(St) Current Time is: 796
(St) Current Time is: 797
(St) Current Time is: 798
(St) Current Time is: 799
(St) Current Time is: 800
(St) Current Time is: 801
(St) Current Time is: 802
(St) Current Time is: 803
(St) Current Time is: 804
(St) Current Time is: 805
(St) Current Time is: 806
(St) Current Time is: 807
(St) Current Time is: 808
(St) Current Time is: 809
(St) Current Time is: 810
(St) Current Time is: 811
(St) Current Time is: 812
(St) Current Time is: 813
(St) Current Time is: 814
(St) Current Time is: 815
(St) Current Time is: 816
(St) Current Time is: 817
(St) Current Time is: 818
(St) Current Time is: 819
(St) Current Time is: 820
(St) Current Time is: 821
(St) Current Time is: 822
(St) Current Time is: 823
(St) Current Time is: 824
** Event #38165949   t=824.797163747833   Elapsed: 125311.464s (1d 10h)  51% completed
     Speed:     ev/sec=304.569   simsec/sec=0.00658198   ev/simsec=46273.1
     Messages:  created: 30073360   present: 1088512   in FES: 735

<!> SIGINT or SIGTERM received, exiting at event #38165949, t=824.797163747833.


Calling finish() at end of Run #10...
(Cl) Stats for <0> (307-0-306)
(Cl) Stats for <1> (277-0-314)
(Cl) Stats for <2> (303-0-303)
(Cl) Stats for <3> (293-0-309)
(Cl) Stats for <4> (295-0-309)
(Cl) Stats for <5> (310-0-299)
(Cl) Stats for <6> (243-0-335)
(Cl) Stats for <7> (387-0-267)
(Cl) Stats for <8> (264-0-322)
(Cl) Stats for <9> (309-0-299)
(Cl) Stats for <10> (312-0-303)
(Cl) Stats for <11> (419-0-255)
(Cl) Stats for <12> (0-0-0)
(Cl) Stats for <13> (411-0-260)
(Cl) Stats for <14> (320-0-297)
(Cl) Stats for <15> (274-0-313)
(Cl) Stats for <16> (280-0-313)
(Cl) Stats for <17> (445-0-249)
(Cl) Stats for <18> (271-0-326)
(Cl) Stats for <19> (298-0-305)
(Cl) Stats for <20> (261-0-323)
(Cl) Stats for <21> (316-0-296)
(Cl) Stats for <22> (285-0-313)
(Cl) Stats for <23> (286-0-312)
(Cl) Stats for <24> (299-0-311)

End.
