==2027== Callgrind, a call-graph generating cache profiler
==2027== Copyright (C) 2002-2015, and GNU GPL'd, by Josef Weidendorfer et al.
==2027== Using Valgrind-3.11.0 and LibVEX; rerun with -h for copyright info
==2027== Command: /home/felipe/Simulation/omnetpp-5.0/bin/opp_run -r 20 -u Cmdenv -c Line_Edge -n ../../examples/veins:..:../../src/paradise:../../src/veins --image-path=../../images -l ../../src/veins --record-eventlog=false --debug-on-errors=false baconnet.ini
==2027== Parent PID: 2026
==2027== 
==2027== For interactive control, run 'callgrind_control -h'.
==2027== brk segment overflow in thread #1: can't grow to 0x4a39000
==2027== brk segment overflow in thread #1: can't grow to 0x4a39000
==2027== brk segment overflow in thread #1: can't grow to 0x4a39000
==2027== brk segment overflow in thread #1: can't grow to 0x4a39000
==2027== brk segment overflow in thread #1: can't grow to 0x4a39000
==2027== brk segment overflow in thread #1: can't grow to 0x4a39000
==2027== brk segment overflow in thread #1: can't grow to 0x4a39000
==2027== brk segment overflow in thread #1: can't grow to 0x4a39000
==2027== brk segment overflow in thread #1: can't grow to 0x4a39000
==2027== brk segment overflow in thread #1: can't grow to 0x4a39000
==2027== brk segment overflow in thread #1: can't grow to 0x4a39000
==2027== brk segment overflow in thread #1: can't grow to 0x4a39000
==2027== brk segment overflow in thread #1: can't grow to 0x4a39000
==2027== brk segment overflow in thread #1: can't grow to 0x4a39000
==2027== brk segment overflow in thread #1: can't grow to 0x4a39000
==2027== brk segment overflow in thread #1: can't grow to 0x4a39000
==2027== brk segment overflow in thread #1: can't grow to 0x4a39000
==2027== brk segment overflow in thread #1: can't grow to 0x4a39000
==2027== brk segment overflow in thread #1: can't grow to 0x4a39000
==2027== brk segment overflow in thread #1: can't grow to 0x4a39000
==2027== brk segment overflow in thread #1: can't grow to 0x4a39000
==2027== brk segment overflow in thread #1: can't grow to 0x4a39000
==2027== brk segment overflow in thread #1: can't grow to 0x4a39000
==2027== brk segment overflow in thread #1: can't grow to 0x4a39000
==2027== brk segment overflow in thread #1: can't grow to 0x4a39000
==2027== brk segment overflow in thread #1: can't grow to 0x4a39000
==2027== brk segment overflow in thread #1: can't grow to 0x4a39000
==2027== brk segment overflow in thread #1: can't grow to 0x4a39000
==2027== brk segment overflow in thread #1: can't grow to 0x4a39000
==2027== brk segment overflow in thread #1: can't grow to 0x4a39000
==2027== brk segment overflow in thread #1: can't grow to 0x4a39000
==2027== brk segment overflow in thread #1: can't grow to 0x4a39000
==2027== brk segment overflow in thread #1: can't grow to 0x4a39000
==2027== brk segment overflow in thread #1: can't grow to 0x4a39000
==2027== brk segment overflow in thread #1: can't grow to 0x4a39000
==2027== brk segment overflow in thread #1: can't grow to 0x4a39000
==2027== brk segment overflow in thread #1: can't grow to 0x4a39000
==2027== brk segment overflow in thread #1: can't grow to 0x4a39000
==2027== brk segment overflow in thread #1: can't grow to 0x4a39000
==2027== brk segment overflow in thread #1: can't grow to 0x4a9a000
==2027== brk segment overflow in thread #1: can't grow to 0x4a9a000
==2027== brk segment overflow in thread #1: can't grow to 0x4a9a000
==2027== brk segment overflow in thread #1: can't grow to 0x4a9a000
==2027== brk segment overflow in thread #1: can't grow to 0x4a9a000
==2027== brk segment overflow in thread #1: can't grow to 0x4a9a000
==2027== brk segment overflow in thread #1: can't grow to 0x4a9a000
==2027== brk segment overflow in thread #1: can't grow to 0x4a9a000
==2027== brk segment overflow in thread #1: can't grow to 0x4a9a000
==2027== brk segment overflow in thread #1: can't grow to 0x4a9a000
==2027== brk segment overflow in thread #1: can't grow to 0x4a9a000
==2027== brk segment overflow in thread #1: can't grow to 0x4a9a000
==2027== brk segment overflow in thread #1: can't grow to 0x4a9a000
==2027== brk segment overflow in thread #1: can't grow to 0x4a9a000
==2027== brk segment overflow in thread #1: can't grow to 0x4a9a000
==2027== brk segment overflow in thread #1: can't grow to 0x4af9000
==2027== brk segment overflow in thread #1: can't grow to 0x4a9a000
==2027== brk segment overflow in thread #1: can't grow to 0x4bb9000
==2027== 
==2027== Events    : Ir
==2027== Collected : 6130956671574
==2027== 
==2027== I   refs:      6,130,956,671,574
