==7472== Callgrind, a call-graph generating cache profiler
==7472== Copyright (C) 2002-2015, and GNU GPL'd, by Josef Weidendorfer et al.
==7472== Using Valgrind-3.11.0 and LibVEX; rerun with -h for copyright info
==7472== Command: /home/felipe/Simulation/omnetpp-5.0/bin/opp_run -r 20 -u Cmdenv -c Line_Edge -n ../../examples/veins:..:../../src/paradise:../../src/veins --image-path=../../images -l ../../src/veins --record-eventlog=false --debug-on-errors=false baconnet.ini
==7472== Parent PID: 7471
==7472== 
==7472== For interactive control, run 'callgrind_control -h'.
==7472== brk segment overflow in thread #1: can't grow to 0x4a3b000
==7472== brk segment overflow in thread #1: can't grow to 0x4a3b000
==7472== brk segment overflow in thread #1: can't grow to 0x4a3b000
==7472== brk segment overflow in thread #1: can't grow to 0x4a3b000
==7472== brk segment overflow in thread #1: can't grow to 0x4a3b000
==7472== brk segment overflow in thread #1: can't grow to 0x4a3b000
==7472== brk segment overflow in thread #1: can't grow to 0x4a3b000
==7472== brk segment overflow in thread #1: can't grow to 0x4a3b000
==7472== brk segment overflow in thread #1: can't grow to 0x4a3b000
==7472== brk segment overflow in thread #1: can't grow to 0x4a3b000
==7472== brk segment overflow in thread #1: can't grow to 0x4a3b000
==7472== brk segment overflow in thread #1: can't grow to 0x4a3b000
==7472== brk segment overflow in thread #1: can't grow to 0x4a3b000
==7472== brk segment overflow in thread #1: can't grow to 0x4a3b000
==7472== brk segment overflow in thread #1: can't grow to 0x4a3b000
==7472== brk segment overflow in thread #1: can't grow to 0x4a3b000
==7472== brk segment overflow in thread #1: can't grow to 0x4a3b000
==7472== brk segment overflow in thread #1: can't grow to 0x4a3b000
==7472== brk segment overflow in thread #1: can't grow to 0x4a3b000
==7472== brk segment overflow in thread #1: can't grow to 0x4a9b000
==7472== brk segment overflow in thread #1: can't grow to 0x4a3b000
==7472== brk segment overflow in thread #1: can't grow to 0x4a3b000
==7472== brk segment overflow in thread #1: can't grow to 0x4a3b000
==7472== brk segment overflow in thread #1: can't grow to 0x4a3b000
==7472== brk segment overflow in thread #1: can't grow to 0x4a3c000
==7472== brk segment overflow in thread #1: can't grow to 0x4a3b000
==7472== brk segment overflow in thread #1: can't grow to 0x4a3b000
==7472== brk segment overflow in thread #1: can't grow to 0x4a3b000
==7472== brk segment overflow in thread #1: can't grow to 0x4a3b000
==7472== brk segment overflow in thread #1: can't grow to 0x4a3b000
==7472== brk segment overflow in thread #1: can't grow to 0x4a3b000
==7472== brk segment overflow in thread #1: can't grow to 0x4a3b000
==7472== brk segment overflow in thread #1: can't grow to 0x4a47000
==7472== brk segment overflow in thread #1: can't grow to 0x4a53000
==7472== brk segment overflow in thread #1: can't grow to 0x4bbb000
==7472== brk segment overflow in thread #1: can't grow to 0x4a3b000
==7472== brk segment overflow in thread #1: can't grow to 0x4a3b000
==7472== brk segment overflow in thread #1: can't grow to 0x4a3b000
==7472== brk segment overflow in thread #1: can't grow to 0x4a3b000
==7472== 
==7472== Events    : Ir
==7472== Collected : 3784457554101
==7472== 
==7472== I   refs:      3,784,457,554,101
