==6165== Memcheck, a memory error detector
==6165== Copyright (C) 2002-2015, and GNU GPL'd, by Julian Seward et al.
==6165== Using Valgrind-3.11.0 and LibVEX; rerun with -h for copyright info
==6165== Command: /home/felipe/Simulation/omnetpp-5.0/bin/opp_run -r 10 -u Cmdenv -c Line_Edge -n ../../examples/veins:..:../../src/paradise:../../src/veins --image-path=../../images -l ../../src/veins --record-eventlog=false --debug-on-errors=false baconnet.ini
==6165== Parent PID: 6164
==6165== 
==6165== 
==6165== HEAP SUMMARY:
==6165==     in use at exit: 67,938,205 bytes in 694,496 blocks
==6165==   total heap usage: 3,222,505,313 allocs, 3,221,810,817 frees, 243,117,704,683 bytes allocated
==6165== 
==6165== 4 bytes in 1 blocks are possibly lost in loss record 3 of 422
==6165==    at 0x4C2E0EF: operator new(unsigned long) (in /usr/lib/valgrind/vgpreload_memcheck-amd64-linux.so)
==6165==    by 0x513F2DF: __gnu_cxx::new_allocator<int>::allocate(unsigned long, void const*) (new_allocator.h:104)
==6165==    by 0x513F14F: std::allocator_traits<std::allocator<int> >::allocate(std::allocator<int>&, unsigned long) (alloc_traits.h:491)
==6165==    by 0x513EF37: std::_Vector_base<int, std::allocator<int> >::_M_allocate(unsigned long) (stl_vector.h:170)
==6165==    by 0x515B497: void std::vector<int, std::allocator<int> >::_M_emplace_back_aux<int const&>(int const&) (vector.tcc:412)
==6165==    by 0x5159820: std::vector<int, std::allocator<int> >::push_back(int const&) (stl_vector.h:923)
==6165==    by 0x25C45441: BaconServiceManager::createInterest(std::__cxx11::basic_string<char, std::char_traits<char>, std::allocator<char> >, int) (BaconServiceManager.cc:2344)
==6165==    by 0x25C40080: BaconServiceManager::handleInterestMessage(WaveShortMessage*) (BaconServiceManager.cc:1150)
==6165==    by 0x25C3E206: BaconServiceManager::onNetworkMessage(WaveShortMessage*) (BaconServiceManager.cc:669)
==6165==    by 0x25C4635F: BaconServiceManager::handleLowerMsg(omnetpp::cMessage*) (BaconServiceManager.cc:2482)
==6165==    by 0x25C4622B: BaconServiceManager::handleMessage(omnetpp::cMessage*) (BaconServiceManager.cc:2464)
==6165==    by 0x6101E7A: omnetpp::cSimulation::doMessageEvent(omnetpp::cMessage*, omnetpp::cSimpleModule*) (csimulation.cc:692)
==6165== 
==6165== 12 bytes in 3 blocks are possibly lost in loss record 23 of 422
==6165==    at 0x4C2E0EF: operator new(unsigned long) (in /usr/lib/valgrind/vgpreload_memcheck-amd64-linux.so)
==6165==    by 0x513F2DF: __gnu_cxx::new_allocator<int>::allocate(unsigned long, void const*) (new_allocator.h:104)
==6165==    by 0x513F14F: std::allocator_traits<std::allocator<int> >::allocate(std::allocator<int>&, unsigned long) (alloc_traits.h:491)
==6165==    by 0x513EF37: std::_Vector_base<int, std::allocator<int> >::_M_allocate(unsigned long) (stl_vector.h:170)
==6165==    by 0x515B497: void std::vector<int, std::allocator<int> >::_M_emplace_back_aux<int const&>(int const&) (vector.tcc:412)
==6165==    by 0x5159820: std::vector<int, std::allocator<int> >::push_back(int const&) (stl_vector.h:923)
==6165==    by 0x25C45441: BaconServiceManager::createInterest(std::__cxx11::basic_string<char, std::char_traits<char>, std::allocator<char> >, int) (BaconServiceManager.cc:2344)
==6165==    by 0x25C40080: BaconServiceManager::handleInterestMessage(WaveShortMessage*) (BaconServiceManager.cc:1150)
==6165==    by 0x25C3E206: BaconServiceManager::onNetworkMessage(WaveShortMessage*) (BaconServiceManager.cc:669)
==6165==    by 0x25C46398: BaconServiceManager::handleLowerMsg(omnetpp::cMessage*) (BaconServiceManager.cc:2486)
==6165==    by 0x25C4622B: BaconServiceManager::handleMessage(omnetpp::cMessage*) (BaconServiceManager.cc:2464)
==6165==    by 0x6101E7A: omnetpp::cSimulation::doMessageEvent(omnetpp::cMessage*, omnetpp::cSimpleModule*) (csimulation.cc:692)
==6165== 
==6165== 16 bytes in 1 blocks are possibly lost in loss record 107 of 422
==6165==    at 0x4C2FB55: calloc (in /usr/lib/valgrind/vgpreload_memcheck-amd64-linux.so)
==6165==    by 0xF848770: g_malloc0 (in /lib/x86_64-linux-gnu/libglib-2.0.so.0.4800.2)
==6165==    by 0x10006522: ??? (in /usr/lib/x86_64-linux-gnu/libgobject-2.0.so.0.4800.2)
==6165==    by 0x1000AF90: g_type_register_fundamental (in /usr/lib/x86_64-linux-gnu/libgobject-2.0.so.0.4800.2)
==6165==    by 0xFFEA30B: ??? (in /usr/lib/x86_64-linux-gnu/libgobject-2.0.so.0.4800.2)
==6165==    by 0xFFE4177: ??? (in /usr/lib/x86_64-linux-gnu/libgobject-2.0.so.0.4800.2)
==6165==    by 0x40104E9: call_init.part.0 (dl-init.c:72)
==6165==    by 0x40105FA: call_init (dl-init.c:30)
==6165==    by 0x40105FA: _dl_init (dl-init.c:120)
==6165==    by 0x4000CF9: ??? (in /lib/x86_64-linux-gnu/ld-2.23.so)
==6165==    by 0xE: ???
==6165==    by 0xFFEFFFFEE: ???
==6165==    by 0xFFF00001E: ???
==6165== 
==6165== 16 bytes in 1 blocks are possibly lost in loss record 108 of 422
==6165==    at 0x4C2DB8F: malloc (in /usr/lib/valgrind/vgpreload_memcheck-amd64-linux.so)
==6165==    by 0x4C2FDEF: realloc (in /usr/lib/valgrind/vgpreload_memcheck-amd64-linux.so)
==6165==    by 0xF8487D7: g_realloc (in /lib/x86_64-linux-gnu/libglib-2.0.so.0.4800.2)
==6165==    by 0x10006406: ??? (in /usr/lib/x86_64-linux-gnu/libgobject-2.0.so.0.4800.2)
==6165==    by 0x1000AF90: g_type_register_fundamental (in /usr/lib/x86_64-linux-gnu/libgobject-2.0.so.0.4800.2)
==6165==    by 0xFFEA30B: ??? (in /usr/lib/x86_64-linux-gnu/libgobject-2.0.so.0.4800.2)
==6165==    by 0xFFE4177: ??? (in /usr/lib/x86_64-linux-gnu/libgobject-2.0.so.0.4800.2)
==6165==    by 0x40104E9: call_init.part.0 (dl-init.c:72)
==6165==    by 0x40105FA: call_init (dl-init.c:30)
==6165==    by 0x40105FA: _dl_init (dl-init.c:120)
==6165==    by 0x4000CF9: ??? (in /lib/x86_64-linux-gnu/ld-2.23.so)
==6165==    by 0xE: ???
==6165==    by 0xFFEFFFFEE: ???
==6165== 
==6165== 16 bytes in 1 blocks are possibly lost in loss record 109 of 422
==6165==    at 0x4C2FB55: calloc (in /usr/lib/valgrind/vgpreload_memcheck-amd64-linux.so)
==6165==    by 0xF848770: g_malloc0 (in /lib/x86_64-linux-gnu/libglib-2.0.so.0.4800.2)
==6165==    by 0x10006522: ??? (in /usr/lib/x86_64-linux-gnu/libgobject-2.0.so.0.4800.2)
==6165==    by 0x1000AF90: g_type_register_fundamental (in /usr/lib/x86_64-linux-gnu/libgobject-2.0.so.0.4800.2)
==6165==    by 0xFFEA371: ??? (in /usr/lib/x86_64-linux-gnu/libgobject-2.0.so.0.4800.2)
==6165==    by 0xFFE4177: ??? (in /usr/lib/x86_64-linux-gnu/libgobject-2.0.so.0.4800.2)
==6165==    by 0x40104E9: call_init.part.0 (dl-init.c:72)
==6165==    by 0x40105FA: call_init (dl-init.c:30)
==6165==    by 0x40105FA: _dl_init (dl-init.c:120)
==6165==    by 0x4000CF9: ??? (in /lib/x86_64-linux-gnu/ld-2.23.so)
==6165==    by 0xE: ???
==6165==    by 0xFFEFFFFEE: ???
==6165==    by 0xFFF00001E: ???
==6165== 
==6165== 16 bytes in 1 blocks are possibly lost in loss record 110 of 422
==6165==    at 0x4C2DB8F: malloc (in /usr/lib/valgrind/vgpreload_memcheck-amd64-linux.so)
==6165==    by 0x4C2FDEF: realloc (in /usr/lib/valgrind/vgpreload_memcheck-amd64-linux.so)
==6165==    by 0xF8487D7: g_realloc (in /lib/x86_64-linux-gnu/libglib-2.0.so.0.4800.2)
==6165==    by 0x10006406: ??? (in /usr/lib/x86_64-linux-gnu/libgobject-2.0.so.0.4800.2)
==6165==    by 0x1000AF90: g_type_register_fundamental (in /usr/lib/x86_64-linux-gnu/libgobject-2.0.so.0.4800.2)
==6165==    by 0xFFEA371: ??? (in /usr/lib/x86_64-linux-gnu/libgobject-2.0.so.0.4800.2)
==6165==    by 0xFFE4177: ??? (in /usr/lib/x86_64-linux-gnu/libgobject-2.0.so.0.4800.2)
==6165==    by 0x40104E9: call_init.part.0 (dl-init.c:72)
==6165==    by 0x40105FA: call_init (dl-init.c:30)
==6165==    by 0x40105FA: _dl_init (dl-init.c:120)
==6165==    by 0x4000CF9: ??? (in /lib/x86_64-linux-gnu/ld-2.23.so)
==6165==    by 0xE: ???
==6165==    by 0xFFEFFFFEE: ???
==6165== 
==6165== 16 bytes in 1 blocks are possibly lost in loss record 111 of 422
==6165==    at 0x4C2FB55: calloc (in /usr/lib/valgrind/vgpreload_memcheck-amd64-linux.so)
==6165==    by 0xF848770: g_malloc0 (in /lib/x86_64-linux-gnu/libglib-2.0.so.0.4800.2)
==6165==    by 0x10006522: ??? (in /usr/lib/x86_64-linux-gnu/libgobject-2.0.so.0.4800.2)
==6165==    by 0x1000AF90: g_type_register_fundamental (in /usr/lib/x86_64-linux-gnu/libgobject-2.0.so.0.4800.2)
==6165==    by 0xFFF3B04: ??? (in /usr/lib/x86_64-linux-gnu/libgobject-2.0.so.0.4800.2)
==6165==    by 0xFFE4181: ??? (in /usr/lib/x86_64-linux-gnu/libgobject-2.0.so.0.4800.2)
==6165==    by 0x40104E9: call_init.part.0 (dl-init.c:72)
==6165==    by 0x40105FA: call_init (dl-init.c:30)
==6165==    by 0x40105FA: _dl_init (dl-init.c:120)
==6165==    by 0x4000CF9: ??? (in /lib/x86_64-linux-gnu/ld-2.23.so)
==6165==    by 0xE: ???
==6165==    by 0xFFEFFFFEE: ???
==6165==    by 0xFFF00001E: ???
==6165== 
==6165== 16 bytes in 1 blocks are possibly lost in loss record 112 of 422
==6165==    at 0x4C2DB8F: malloc (in /usr/lib/valgrind/vgpreload_memcheck-amd64-linux.so)
==6165==    by 0x4C2FDEF: realloc (in /usr/lib/valgrind/vgpreload_memcheck-amd64-linux.so)
==6165==    by 0xF8487D7: g_realloc (in /lib/x86_64-linux-gnu/libglib-2.0.so.0.4800.2)
==6165==    by 0x10006406: ??? (in /usr/lib/x86_64-linux-gnu/libgobject-2.0.so.0.4800.2)
==6165==    by 0x1000AF90: g_type_register_fundamental (in /usr/lib/x86_64-linux-gnu/libgobject-2.0.so.0.4800.2)
==6165==    by 0xFFF3B04: ??? (in /usr/lib/x86_64-linux-gnu/libgobject-2.0.so.0.4800.2)
==6165==    by 0xFFE4181: ??? (in /usr/lib/x86_64-linux-gnu/libgobject-2.0.so.0.4800.2)
==6165==    by 0x40104E9: call_init.part.0 (dl-init.c:72)
==6165==    by 0x40105FA: call_init (dl-init.c:30)
==6165==    by 0x40105FA: _dl_init (dl-init.c:120)
==6165==    by 0x4000CF9: ??? (in /lib/x86_64-linux-gnu/ld-2.23.so)
==6165==    by 0xE: ???
==6165==    by 0xFFEFFFFEE: ???
==6165== 
==6165== 16 bytes in 1 blocks are possibly lost in loss record 113 of 422
==6165==    at 0x4C2FB55: calloc (in /usr/lib/valgrind/vgpreload_memcheck-amd64-linux.so)
==6165==    by 0xF848770: g_malloc0 (in /lib/x86_64-linux-gnu/libglib-2.0.so.0.4800.2)
==6165==    by 0x10006522: ??? (in /usr/lib/x86_64-linux-gnu/libgobject-2.0.so.0.4800.2)
==6165==    by 0x1000AF90: g_type_register_fundamental (in /usr/lib/x86_64-linux-gnu/libgobject-2.0.so.0.4800.2)
==6165==    by 0xFFEEC1B: ??? (in /usr/lib/x86_64-linux-gnu/libgobject-2.0.so.0.4800.2)
==6165==    by 0xFFE4186: ??? (in /usr/lib/x86_64-linux-gnu/libgobject-2.0.so.0.4800.2)
==6165==    by 0x40104E9: call_init.part.0 (dl-init.c:72)
==6165==    by 0x40105FA: call_init (dl-init.c:30)
==6165==    by 0x40105FA: _dl_init (dl-init.c:120)
==6165==    by 0x4000CF9: ??? (in /lib/x86_64-linux-gnu/ld-2.23.so)
==6165==    by 0xE: ???
==6165==    by 0xFFEFFFFEE: ???
==6165==    by 0xFFF00001E: ???
==6165== 
==6165== 16 bytes in 1 blocks are possibly lost in loss record 114 of 422
==6165==    at 0x4C2DB8F: malloc (in /usr/lib/valgrind/vgpreload_memcheck-amd64-linux.so)
==6165==    by 0x4C2FDEF: realloc (in /usr/lib/valgrind/vgpreload_memcheck-amd64-linux.so)
==6165==    by 0xF8487D7: g_realloc (in /lib/x86_64-linux-gnu/libglib-2.0.so.0.4800.2)
==6165==    by 0x10006406: ??? (in /usr/lib/x86_64-linux-gnu/libgobject-2.0.so.0.4800.2)
==6165==    by 0x1000AF90: g_type_register_fundamental (in /usr/lib/x86_64-linux-gnu/libgobject-2.0.so.0.4800.2)
==6165==    by 0xFFEEC1B: ??? (in /usr/lib/x86_64-linux-gnu/libgobject-2.0.so.0.4800.2)
==6165==    by 0xFFE4186: ??? (in /usr/lib/x86_64-linux-gnu/libgobject-2.0.so.0.4800.2)
==6165==    by 0x40104E9: call_init.part.0 (dl-init.c:72)
==6165==    by 0x40105FA: call_init (dl-init.c:30)
==6165==    by 0x40105FA: _dl_init (dl-init.c:120)
==6165==    by 0x4000CF9: ??? (in /lib/x86_64-linux-gnu/ld-2.23.so)
==6165==    by 0xE: ???
==6165==    by 0xFFEFFFFEE: ???
==6165== 
==6165== 20 bytes in 2 blocks are possibly lost in loss record 117 of 422
==6165==    at 0x4C2E0EF: operator new(unsigned long) (in /usr/lib/valgrind/vgpreload_memcheck-amd64-linux.so)
==6165==    by 0x513F2DF: __gnu_cxx::new_allocator<int>::allocate(unsigned long, void const*) (new_allocator.h:104)
==6165==    by 0x513F14F: std::allocator_traits<std::allocator<int> >::allocate(std::allocator<int>&, unsigned long) (alloc_traits.h:491)
==6165==    by 0x513EF37: std::_Vector_base<int, std::allocator<int> >::_M_allocate(unsigned long) (stl_vector.h:170)
==6165==    by 0x515E7B6: std::_Vector_base<int, std::allocator<int> >::_M_create_storage(unsigned long) (stl_vector.h:185)
==6165==    by 0x515C0C2: std::_Vector_base<int, std::allocator<int> >::_Vector_base(unsigned long, std::allocator<int> const&) (stl_vector.h:136)
==6165==    by 0x25C477A9: std::vector<int, std::allocator<int> >::vector(unsigned long, std::allocator<int> const&) (stl_vector.h:278)
==6165==    by 0x25C3ED89: BaconServiceManager::handleInterestAcceptMessage(WaveShortMessage*) (BaconServiceManager.cc:819)
==6165==    by 0x25C3E35A: BaconServiceManager::onNetworkMessage(WaveShortMessage*) (BaconServiceManager.cc:677)
==6165==    by 0x25C46398: BaconServiceManager::handleLowerMsg(omnetpp::cMessage*) (BaconServiceManager.cc:2486)
==6165==    by 0x25C4622B: BaconServiceManager::handleMessage(omnetpp::cMessage*) (BaconServiceManager.cc:2464)
==6165==    by 0x6101E7A: omnetpp::cSimulation::doMessageEvent(omnetpp::cMessage*, omnetpp::cSimpleModule*) (csimulation.cc:692)
==6165== 
==6165== 88 bytes in 1 blocks are possibly lost in loss record 269 of 422
==6165==    at 0x4C2E0EF: operator new(unsigned long) (in /usr/lib/valgrind/vgpreload_memcheck-amd64-linux.so)
==6165==    by 0x25C35D2C: BaconStatistics::increaseHopCountResult(int) (BaconStatistics.cc:673)
==6165==    by 0x25C3BC76: BaconServiceManager::saveStatistics() (BaconServiceManager.cc:123)
==6165==    by 0x25C45FE9: BaconServiceManager::sendToClient(WaveShortMessage*) (BaconServiceManager.cc:2440)
==6165==    by 0x25C40D86: BaconServiceManager::notifyOfContentAvailability(WaveShortMessage*, Connection_t*) (BaconServiceManager.cc:1390)
==6165==    by 0x25C43C20: BaconServiceManager::replyAfterContentInclusion(Connection_t*) (BaconServiceManager.cc:1962)
==6165==    by 0x25C43589: BaconServiceManager::fulfillPendingInterest(Connection_t*) (BaconServiceManager.cc:1868)
==6165==    by 0x25C433C8: BaconServiceManager::completeRemoteDataTransfer(Connection_t*) (BaconServiceManager.cc:1795)
==6165==    by 0x25C4092F: BaconServiceManager::handleContentMessage(WaveShortMessage*) (BaconServiceManager.cc:1302)
==6165==    by 0x25C3E305: BaconServiceManager::onNetworkMessage(WaveShortMessage*) (BaconServiceManager.cc:675)
==6165==    by 0x25C46398: BaconServiceManager::handleLowerMsg(omnetpp::cMessage*) (BaconServiceManager.cc:2486)
==6165==    by 0x25C4622B: BaconServiceManager::handleMessage(omnetpp::cMessage*) (BaconServiceManager.cc:2464)
==6165== 
==6165== 96 bytes in 1 blocks are possibly lost in loss record 318 of 422
==6165==    at 0x4C2FB55: calloc (in /usr/lib/valgrind/vgpreload_memcheck-amd64-linux.so)
==6165==    by 0xF848770: g_malloc0 (in /lib/x86_64-linux-gnu/libglib-2.0.so.0.4800.2)
==6165==    by 0x10005A59: ??? (in /usr/lib/x86_64-linux-gnu/libgobject-2.0.so.0.4800.2)
==6165==    by 0x10005B43: ??? (in /usr/lib/x86_64-linux-gnu/libgobject-2.0.so.0.4800.2)
==6165==    by 0xFFE40AA: ??? (in /usr/lib/x86_64-linux-gnu/libgobject-2.0.so.0.4800.2)
==6165==    by 0x40104E9: call_init.part.0 (dl-init.c:72)
==6165==    by 0x40105FA: call_init (dl-init.c:30)
==6165==    by 0x40105FA: _dl_init (dl-init.c:120)
==6165==    by 0x4000CF9: ??? (in /lib/x86_64-linux-gnu/ld-2.23.so)
==6165==    by 0xE: ???
==6165==    by 0xFFEFFFFEE: ???
==6165==    by 0xFFF00001E: ???
==6165==    by 0xFFF000021: ???
==6165== 
==6165== 96 bytes in 1 blocks are possibly lost in loss record 319 of 422
==6165==    at 0x4C2FB55: calloc (in /usr/lib/valgrind/vgpreload_memcheck-amd64-linux.so)
==6165==    by 0xF848770: g_malloc0 (in /lib/x86_64-linux-gnu/libglib-2.0.so.0.4800.2)
==6165==    by 0x10005A59: ??? (in /usr/lib/x86_64-linux-gnu/libgobject-2.0.so.0.4800.2)
==6165==    by 0x10005B43: ??? (in /usr/lib/x86_64-linux-gnu/libgobject-2.0.so.0.4800.2)
==6165==    by 0x1000AF82: g_type_register_fundamental (in /usr/lib/x86_64-linux-gnu/libgobject-2.0.so.0.4800.2)
==6165==    by 0xFFEA30B: ??? (in /usr/lib/x86_64-linux-gnu/libgobject-2.0.so.0.4800.2)
==6165==    by 0xFFE4177: ??? (in /usr/lib/x86_64-linux-gnu/libgobject-2.0.so.0.4800.2)
==6165==    by 0x40104E9: call_init.part.0 (dl-init.c:72)
==6165==    by 0x40105FA: call_init (dl-init.c:30)
==6165==    by 0x40105FA: _dl_init (dl-init.c:120)
==6165==    by 0x4000CF9: ??? (in /lib/x86_64-linux-gnu/ld-2.23.so)
==6165==    by 0xE: ???
==6165==    by 0xFFEFFFFEE: ???
==6165== 
==6165== 96 bytes in 1 blocks are possibly lost in loss record 320 of 422
==6165==    at 0x4C2FB55: calloc (in /usr/lib/valgrind/vgpreload_memcheck-amd64-linux.so)
==6165==    by 0xF848770: g_malloc0 (in /lib/x86_64-linux-gnu/libglib-2.0.so.0.4800.2)
==6165==    by 0x10005A59: ??? (in /usr/lib/x86_64-linux-gnu/libgobject-2.0.so.0.4800.2)
==6165==    by 0x10005B43: ??? (in /usr/lib/x86_64-linux-gnu/libgobject-2.0.so.0.4800.2)
==6165==    by 0x1000AF82: g_type_register_fundamental (in /usr/lib/x86_64-linux-gnu/libgobject-2.0.so.0.4800.2)
==6165==    by 0xFFEA371: ??? (in /usr/lib/x86_64-linux-gnu/libgobject-2.0.so.0.4800.2)
==6165==    by 0xFFE4177: ??? (in /usr/lib/x86_64-linux-gnu/libgobject-2.0.so.0.4800.2)
==6165==    by 0x40104E9: call_init.part.0 (dl-init.c:72)
==6165==    by 0x40105FA: call_init (dl-init.c:30)
==6165==    by 0x40105FA: _dl_init (dl-init.c:120)
==6165==    by 0x4000CF9: ??? (in /lib/x86_64-linux-gnu/ld-2.23.so)
==6165==    by 0xE: ???
==6165==    by 0xFFEFFFFEE: ???
==6165== 
==6165== 96 bytes in 1 blocks are possibly lost in loss record 321 of 422
==6165==    at 0x4C2FB55: calloc (in /usr/lib/valgrind/vgpreload_memcheck-amd64-linux.so)
==6165==    by 0xF848770: g_malloc0 (in /lib/x86_64-linux-gnu/libglib-2.0.so.0.4800.2)
==6165==    by 0x10005A59: ??? (in /usr/lib/x86_64-linux-gnu/libgobject-2.0.so.0.4800.2)
==6165==    by 0x10005B43: ??? (in /usr/lib/x86_64-linux-gnu/libgobject-2.0.so.0.4800.2)
==6165==    by 0x1000AF82: g_type_register_fundamental (in /usr/lib/x86_64-linux-gnu/libgobject-2.0.so.0.4800.2)
==6165==    by 0xFFF3B04: ??? (in /usr/lib/x86_64-linux-gnu/libgobject-2.0.so.0.4800.2)
==6165==    by 0xFFE4181: ??? (in /usr/lib/x86_64-linux-gnu/libgobject-2.0.so.0.4800.2)
==6165==    by 0x40104E9: call_init.part.0 (dl-init.c:72)
==6165==    by 0x40105FA: call_init (dl-init.c:30)
==6165==    by 0x40105FA: _dl_init (dl-init.c:120)
==6165==    by 0x4000CF9: ??? (in /lib/x86_64-linux-gnu/ld-2.23.so)
==6165==    by 0xE: ???
==6165==    by 0xFFEFFFFEE: ???
==6165== 
==6165== 96 bytes in 1 blocks are possibly lost in loss record 322 of 422
==6165==    at 0x4C2FB55: calloc (in /usr/lib/valgrind/vgpreload_memcheck-amd64-linux.so)
==6165==    by 0xF848770: g_malloc0 (in /lib/x86_64-linux-gnu/libglib-2.0.so.0.4800.2)
==6165==    by 0x10005A59: ??? (in /usr/lib/x86_64-linux-gnu/libgobject-2.0.so.0.4800.2)
==6165==    by 0x10005B43: ??? (in /usr/lib/x86_64-linux-gnu/libgobject-2.0.so.0.4800.2)
==6165==    by 0x1000AF82: g_type_register_fundamental (in /usr/lib/x86_64-linux-gnu/libgobject-2.0.so.0.4800.2)
==6165==    by 0xFFEEC1B: ??? (in /usr/lib/x86_64-linux-gnu/libgobject-2.0.so.0.4800.2)
==6165==    by 0xFFE4186: ??? (in /usr/lib/x86_64-linux-gnu/libgobject-2.0.so.0.4800.2)
==6165==    by 0x40104E9: call_init.part.0 (dl-init.c:72)
==6165==    by 0x40105FA: call_init (dl-init.c:30)
==6165==    by 0x40105FA: _dl_init (dl-init.c:120)
==6165==    by 0x4000CF9: ??? (in /lib/x86_64-linux-gnu/ld-2.23.so)
==6165==    by 0xE: ???
==6165==    by 0xFFEFFFFEE: ???
==6165== 
==6165== 120 bytes in 5 blocks are possibly lost in loss record 324 of 422
==6165==    at 0x4C2E0EF: operator new(unsigned long) (in /usr/lib/valgrind/vgpreload_memcheck-amd64-linux.so)
==6165==    by 0x25C3ED74: BaconServiceManager::handleInterestAcceptMessage(WaveShortMessage*) (BaconServiceManager.cc:819)
==6165==    by 0x25C3E2B0: BaconServiceManager::onNetworkMessage(WaveShortMessage*) (BaconServiceManager.cc:673)
==6165==    by 0x25C46398: BaconServiceManager::handleLowerMsg(omnetpp::cMessage*) (BaconServiceManager.cc:2486)
==6165==    by 0x25C4622B: BaconServiceManager::handleMessage(omnetpp::cMessage*) (BaconServiceManager.cc:2464)
==6165==    by 0x6101E7A: omnetpp::cSimulation::doMessageEvent(omnetpp::cMessage*, omnetpp::cSimpleModule*) (csimulation.cc:692)
==6165==    by 0x6101B55: omnetpp::cSimulation::executeEvent(omnetpp::cEvent*) (csimulation.cc:634)
==6165==    by 0x4E45BE8: omnetpp::cmdenv::Cmdenv::simulate() (cmdenv.cc:396)
==6165==    by 0x4E455CA: omnetpp::cmdenv::Cmdenv::doRun() (cmdenv.cc:276)
==6165==    by 0x5143413: omnetpp::envir::EnvirBase::run() (envirbase.cc:580)
==6165==    by 0x514199B: omnetpp::envir::EnvirBase::run(int, char**, omnetpp::cConfiguration*) (envirbase.cc:300)
==6165==    by 0x513ADBA: omnetpp::envir::setupUserInterface(int, char**) (startup.cc:235)
==6165== 
==6165== 132 bytes in 1 blocks are possibly lost in loss record 327 of 422
==6165==    at 0x4C2FB55: calloc (in /usr/lib/valgrind/vgpreload_memcheck-amd64-linux.so)
==6165==    by 0xF848770: g_malloc0 (in /lib/x86_64-linux-gnu/libglib-2.0.so.0.4800.2)
==6165==    by 0x10006DFF: ??? (in /usr/lib/x86_64-linux-gnu/libgobject-2.0.so.0.4800.2)
==6165==    by 0x1000AFE0: g_type_register_fundamental (in /usr/lib/x86_64-linux-gnu/libgobject-2.0.so.0.4800.2)
==6165==    by 0xFFEA30B: ??? (in /usr/lib/x86_64-linux-gnu/libgobject-2.0.so.0.4800.2)
==6165==    by 0xFFE4177: ??? (in /usr/lib/x86_64-linux-gnu/libgobject-2.0.so.0.4800.2)
==6165==    by 0x40104E9: call_init.part.0 (dl-init.c:72)
==6165==    by 0x40105FA: call_init (dl-init.c:30)
==6165==    by 0x40105FA: _dl_init (dl-init.c:120)
==6165==    by 0x4000CF9: ??? (in /lib/x86_64-linux-gnu/ld-2.23.so)
==6165==    by 0xE: ???
==6165==    by 0xFFEFFFFEE: ???
==6165==    by 0xFFF00001E: ???
==6165== 
==6165== 132 bytes in 1 blocks are possibly lost in loss record 328 of 422
==6165==    at 0x4C2FB55: calloc (in /usr/lib/valgrind/vgpreload_memcheck-amd64-linux.so)
==6165==    by 0xF848770: g_malloc0 (in /lib/x86_64-linux-gnu/libglib-2.0.so.0.4800.2)
==6165==    by 0x10006DFF: ??? (in /usr/lib/x86_64-linux-gnu/libgobject-2.0.so.0.4800.2)
==6165==    by 0x1000AFE0: g_type_register_fundamental (in /usr/lib/x86_64-linux-gnu/libgobject-2.0.so.0.4800.2)
==6165==    by 0xFFEA371: ??? (in /usr/lib/x86_64-linux-gnu/libgobject-2.0.so.0.4800.2)
==6165==    by 0xFFE4177: ??? (in /usr/lib/x86_64-linux-gnu/libgobject-2.0.so.0.4800.2)
==6165==    by 0x40104E9: call_init.part.0 (dl-init.c:72)
==6165==    by 0x40105FA: call_init (dl-init.c:30)
==6165==    by 0x40105FA: _dl_init (dl-init.c:120)
==6165==    by 0x4000CF9: ??? (in /lib/x86_64-linux-gnu/ld-2.23.so)
==6165==    by 0xE: ???
==6165==    by 0xFFEFFFFEE: ???
==6165==    by 0xFFF00001E: ???
==6165== 
==6165== 148 bytes in 1 blocks are possibly lost in loss record 330 of 422
==6165==    at 0x4C2FB55: calloc (in /usr/lib/valgrind/vgpreload_memcheck-amd64-linux.so)
==6165==    by 0xF848770: g_malloc0 (in /lib/x86_64-linux-gnu/libglib-2.0.so.0.4800.2)
==6165==    by 0x10006BD6: ??? (in /usr/lib/x86_64-linux-gnu/libgobject-2.0.so.0.4800.2)
==6165==    by 0x1000AFE0: g_type_register_fundamental (in /usr/lib/x86_64-linux-gnu/libgobject-2.0.so.0.4800.2)
==6165==    by 0xFFF3B04: ??? (in /usr/lib/x86_64-linux-gnu/libgobject-2.0.so.0.4800.2)
==6165==    by 0xFFE4181: ??? (in /usr/lib/x86_64-linux-gnu/libgobject-2.0.so.0.4800.2)
==6165==    by 0x40104E9: call_init.part.0 (dl-init.c:72)
==6165==    by 0x40105FA: call_init (dl-init.c:30)
==6165==    by 0x40105FA: _dl_init (dl-init.c:120)
==6165==    by 0x4000CF9: ??? (in /lib/x86_64-linux-gnu/ld-2.23.so)
==6165==    by 0xE: ???
==6165==    by 0xFFEFFFFEE: ???
==6165==    by 0xFFF00001E: ???
==6165== 
==6165== 148 bytes in 1 blocks are possibly lost in loss record 331 of 422
==6165==    at 0x4C2FB55: calloc (in /usr/lib/valgrind/vgpreload_memcheck-amd64-linux.so)
==6165==    by 0xF848770: g_malloc0 (in /lib/x86_64-linux-gnu/libglib-2.0.so.0.4800.2)
==6165==    by 0x10006BD6: ??? (in /usr/lib/x86_64-linux-gnu/libgobject-2.0.so.0.4800.2)
==6165==    by 0x1000AFE0: g_type_register_fundamental (in /usr/lib/x86_64-linux-gnu/libgobject-2.0.so.0.4800.2)
==6165==    by 0xFFEEC1B: ??? (in /usr/lib/x86_64-linux-gnu/libgobject-2.0.so.0.4800.2)
==6165==    by 0xFFE4186: ??? (in /usr/lib/x86_64-linux-gnu/libgobject-2.0.so.0.4800.2)
==6165==    by 0x40104E9: call_init.part.0 (dl-init.c:72)
==6165==    by 0x40105FA: call_init (dl-init.c:30)
==6165==    by 0x40105FA: _dl_init (dl-init.c:120)
==6165==    by 0x4000CF9: ??? (in /lib/x86_64-linux-gnu/ld-2.23.so)
==6165==    by 0xE: ???
==6165==    by 0xFFEFFFFEE: ???
==6165==    by 0xFFF00001E: ???
==6165== 
==6165== 160 bytes in 1 blocks are possibly lost in loss record 334 of 422
==6165==    at 0x4C2E0EF: operator new(unsigned long) (in /usr/lib/valgrind/vgpreload_memcheck-amd64-linux.so)
==6165==    by 0x25C43F66: BaconServiceManager::createGenericConnection(Content_t*) (BaconServiceManager.cc:1997)
==6165==    by 0x25C4458A: BaconServiceManager::createServerSidedConnection(WaveShortMessage*) (BaconServiceManager.cc:2066)
==6165==    by 0x25C3FCA4: BaconServiceManager::handleInterestMessage(WaveShortMessage*) (BaconServiceManager.cc:1078)
==6165==    by 0x25C3EA3D: BaconServiceManager::handleInterestAcceptMessage(WaveShortMessage*) (BaconServiceManager.cc:760)
==6165==    by 0x25C3E35A: BaconServiceManager::onNetworkMessage(WaveShortMessage*) (BaconServiceManager.cc:677)
==6165==    by 0x25C46398: BaconServiceManager::handleLowerMsg(omnetpp::cMessage*) (BaconServiceManager.cc:2486)
==6165==    by 0x25C4622B: BaconServiceManager::handleMessage(omnetpp::cMessage*) (BaconServiceManager.cc:2464)
==6165==    by 0x6101E7A: omnetpp::cSimulation::doMessageEvent(omnetpp::cMessage*, omnetpp::cSimpleModule*) (csimulation.cc:692)
==6165==    by 0x6101B55: omnetpp::cSimulation::executeEvent(omnetpp::cEvent*) (csimulation.cc:634)
==6165==    by 0x4E45BE8: omnetpp::cmdenv::Cmdenv::simulate() (cmdenv.cc:396)
==6165==    by 0x4E455CA: omnetpp::cmdenv::Cmdenv::doRun() (cmdenv.cc:276)
==6165== 
==6165== 184 bytes in 1 blocks are possibly lost in loss record 338 of 422
==6165==    at 0x4C2FD5F: realloc (in /usr/lib/valgrind/vgpreload_memcheck-amd64-linux.so)
==6165==    by 0xF8487D7: g_realloc (in /lib/x86_64-linux-gnu/libglib-2.0.so.0.4800.2)
==6165==    by 0x100059D8: ??? (in /usr/lib/x86_64-linux-gnu/libgobject-2.0.so.0.4800.2)
==6165==    by 0x1000B2CC: g_type_register_static (in /usr/lib/x86_64-linux-gnu/libgobject-2.0.so.0.4800.2)
==6165==    by 0xFFF5799: g_param_type_register_static (in /usr/lib/x86_64-linux-gnu/libgobject-2.0.so.0.4800.2)
==6165==    by 0xFFF7AFB: ??? (in /usr/lib/x86_64-linux-gnu/libgobject-2.0.so.0.4800.2)
==6165==    by 0xFFE418B: ??? (in /usr/lib/x86_64-linux-gnu/libgobject-2.0.so.0.4800.2)
==6165==    by 0x40104E9: call_init.part.0 (dl-init.c:72)
==6165==    by 0x40105FA: call_init (dl-init.c:30)
==6165==    by 0x40105FA: _dl_init (dl-init.c:120)
==6165==    by 0x4000CF9: ??? (in /lib/x86_64-linux-gnu/ld-2.23.so)
==6165==    by 0xE: ???
==6165==    by 0xFFEFFFFEE: ???
==6165== 
==6165== 252 bytes in 7 blocks are possibly lost in loss record 343 of 422
==6165==    at 0x4C2E0EF: operator new(unsigned long) (in /usr/lib/valgrind/vgpreload_memcheck-amd64-linux.so)
==6165==    by 0x513F2DF: __gnu_cxx::new_allocator<int>::allocate(unsigned long, void const*) (new_allocator.h:104)
==6165==    by 0x513F14F: std::allocator_traits<std::allocator<int> >::allocate(std::allocator<int>&, unsigned long) (alloc_traits.h:491)
==6165==    by 0x513EF37: std::_Vector_base<int, std::allocator<int> >::_M_allocate(unsigned long) (stl_vector.h:170)
==6165==    by 0x515E7B6: std::_Vector_base<int, std::allocator<int> >::_M_create_storage(unsigned long) (stl_vector.h:185)
==6165==    by 0x515C0C2: std::_Vector_base<int, std::allocator<int> >::_Vector_base(unsigned long, std::allocator<int> const&) (stl_vector.h:136)
==6165==    by 0x25C477A9: std::vector<int, std::allocator<int> >::vector(unsigned long, std::allocator<int> const&) (stl_vector.h:278)
==6165==    by 0x25C3ED89: BaconServiceManager::handleInterestAcceptMessage(WaveShortMessage*) (BaconServiceManager.cc:819)
==6165==    by 0x25C3E2B0: BaconServiceManager::onNetworkMessage(WaveShortMessage*) (BaconServiceManager.cc:673)
==6165==    by 0x25C46398: BaconServiceManager::handleLowerMsg(omnetpp::cMessage*) (BaconServiceManager.cc:2486)
==6165==    by 0x25C4622B: BaconServiceManager::handleMessage(omnetpp::cMessage*) (BaconServiceManager.cc:2464)
==6165==    by 0x6101E7A: omnetpp::cSimulation::doMessageEvent(omnetpp::cMessage*, omnetpp::cSimpleModule*) (csimulation.cc:692)
==6165== 
==6165== 328 bytes in 21 blocks are possibly lost in loss record 351 of 422
==6165==    at 0x4C2E0EF: operator new(unsigned long) (in /usr/lib/valgrind/vgpreload_memcheck-amd64-linux.so)
==6165==    by 0x513F2DF: __gnu_cxx::new_allocator<int>::allocate(unsigned long, void const*) (new_allocator.h:104)
==6165==    by 0x513F14F: std::allocator_traits<std::allocator<int> >::allocate(std::allocator<int>&, unsigned long) (alloc_traits.h:491)
==6165==    by 0x513EF37: std::_Vector_base<int, std::allocator<int> >::_M_allocate(unsigned long) (stl_vector.h:170)
==6165==    by 0x515B497: void std::vector<int, std::allocator<int> >::_M_emplace_back_aux<int const&>(int const&) (vector.tcc:412)
==6165==    by 0x5159820: std::vector<int, std::allocator<int> >::push_back(int const&) (stl_vector.h:923)
==6165==    by 0x25C4575A: BaconServiceManager::addToInterest(std::__cxx11::basic_string<char, std::char_traits<char>, std::allocator<char> >, int) (BaconServiceManager.cc:2377)
==6165==    by 0x25C401C9: BaconServiceManager::handleInterestMessage(WaveShortMessage*) (BaconServiceManager.cc:1173)
==6165==    by 0x25C3E206: BaconServiceManager::onNetworkMessage(WaveShortMessage*) (BaconServiceManager.cc:669)
==6165==    by 0x25C46398: BaconServiceManager::handleLowerMsg(omnetpp::cMessage*) (BaconServiceManager.cc:2486)
==6165==    by 0x25C4622B: BaconServiceManager::handleMessage(omnetpp::cMessage*) (BaconServiceManager.cc:2464)
==6165==    by 0x6101E7A: omnetpp::cSimulation::doMessageEvent(omnetpp::cMessage*, omnetpp::cSimpleModule*) (csimulation.cc:692)
==6165== 
==6165== 352 bytes in 4 blocks are definitely lost in loss record 352 of 422
==6165==    at 0x4C2E0EF: operator new(unsigned long) (in /usr/lib/valgrind/vgpreload_memcheck-amd64-linux.so)
==6165==    by 0x25C35D2C: BaconStatistics::increaseHopCountResult(int) (BaconStatistics.cc:673)
==6165==    by 0x25C3BC76: BaconServiceManager::saveStatistics() (BaconServiceManager.cc:123)
==6165==    by 0x25C45FE9: BaconServiceManager::sendToClient(WaveShortMessage*) (BaconServiceManager.cc:2440)
==6165==    by 0x25C40D86: BaconServiceManager::notifyOfContentAvailability(WaveShortMessage*, Connection_t*) (BaconServiceManager.cc:1390)
==6165==    by 0x25C43C20: BaconServiceManager::replyAfterContentInclusion(Connection_t*) (BaconServiceManager.cc:1962)
==6165==    by 0x25C43589: BaconServiceManager::fulfillPendingInterest(Connection_t*) (BaconServiceManager.cc:1868)
==6165==    by 0x25C433C8: BaconServiceManager::completeRemoteDataTransfer(Connection_t*) (BaconServiceManager.cc:1795)
==6165==    by 0x25C3D844: BaconServiceManager::handleSelfTimer(WaveShortMessage*) (BaconServiceManager.cc:520)
==6165==    by 0x25C46209: BaconServiceManager::handleMessage(omnetpp::cMessage*) (BaconServiceManager.cc:2460)
==6165==    by 0x6101E7A: omnetpp::cSimulation::doMessageEvent(omnetpp::cMessage*, omnetpp::cSimpleModule*) (csimulation.cc:692)
==6165==    by 0x6101B55: omnetpp::cSimulation::executeEvent(omnetpp::cEvent*) (csimulation.cc:634)
==6165== 
==6165== 480 bytes in 3 blocks are possibly lost in loss record 356 of 422
==6165==    at 0x4C2E0EF: operator new(unsigned long) (in /usr/lib/valgrind/vgpreload_memcheck-amd64-linux.so)
==6165==    by 0x25C43F66: BaconServiceManager::createGenericConnection(Content_t*) (BaconServiceManager.cc:1997)
==6165==    by 0x25C4458A: BaconServiceManager::createServerSidedConnection(WaveShortMessage*) (BaconServiceManager.cc:2066)
==6165==    by 0x25C3FCA4: BaconServiceManager::handleInterestMessage(WaveShortMessage*) (BaconServiceManager.cc:1078)
==6165==    by 0x25C3E206: BaconServiceManager::onNetworkMessage(WaveShortMessage*) (BaconServiceManager.cc:669)
==6165==    by 0x25C4635F: BaconServiceManager::handleLowerMsg(omnetpp::cMessage*) (BaconServiceManager.cc:2482)
==6165==    by 0x25C4622B: BaconServiceManager::handleMessage(omnetpp::cMessage*) (BaconServiceManager.cc:2464)
==6165==    by 0x6101E7A: omnetpp::cSimulation::doMessageEvent(omnetpp::cMessage*, omnetpp::cSimpleModule*) (csimulation.cc:692)
==6165==    by 0x6101B55: omnetpp::cSimulation::executeEvent(omnetpp::cEvent*) (csimulation.cc:634)
==6165==    by 0x4E45BE8: omnetpp::cmdenv::Cmdenv::simulate() (cmdenv.cc:396)
==6165==    by 0x4E455CA: omnetpp::cmdenv::Cmdenv::doRun() (cmdenv.cc:276)
==6165==    by 0x5143413: omnetpp::envir::EnvirBase::run() (envirbase.cc:580)
==6165== 
==6165== 1,280 bytes in 8 blocks are possibly lost in loss record 368 of 422
==6165==    at 0x4C2E0EF: operator new(unsigned long) (in /usr/lib/valgrind/vgpreload_memcheck-amd64-linux.so)
==6165==    by 0x25C43F66: BaconServiceManager::createGenericConnection(Content_t*) (BaconServiceManager.cc:1997)
==6165==    by 0x25C44999: BaconServiceManager::createClientSidedConnection(WaveShortMessage*) (BaconServiceManager.cc:2120)
==6165==    by 0x25C3F59A: BaconServiceManager::handleInterestReplyMessage(WaveShortMessage*) (BaconServiceManager.cc:941)
==6165==    by 0x25C3E25B: BaconServiceManager::onNetworkMessage(WaveShortMessage*) (BaconServiceManager.cc:671)
==6165==    by 0x25C46398: BaconServiceManager::handleLowerMsg(omnetpp::cMessage*) (BaconServiceManager.cc:2486)
==6165==    by 0x25C4622B: BaconServiceManager::handleMessage(omnetpp::cMessage*) (BaconServiceManager.cc:2464)
==6165==    by 0x6101E7A: omnetpp::cSimulation::doMessageEvent(omnetpp::cMessage*, omnetpp::cSimpleModule*) (csimulation.cc:692)
==6165==    by 0x6101B55: omnetpp::cSimulation::executeEvent(omnetpp::cEvent*) (csimulation.cc:634)
==6165==    by 0x4E45BE8: omnetpp::cmdenv::Cmdenv::simulate() (cmdenv.cc:396)
==6165==    by 0x4E455CA: omnetpp::cmdenv::Cmdenv::doRun() (cmdenv.cc:276)
==6165==    by 0x5143413: omnetpp::envir::EnvirBase::run() (envirbase.cc:580)
==6165== 
==6165== 1,584 bytes in 18 blocks are possibly lost in loss record 371 of 422
==6165==    at 0x4C2E0EF: operator new(unsigned long) (in /usr/lib/valgrind/vgpreload_memcheck-amd64-linux.so)
==6165==    by 0x25C4538C: BaconServiceManager::createInterest(std::__cxx11::basic_string<char, std::char_traits<char>, std::allocator<char> >, int) (BaconServiceManager.cc:2339)
==6165==    by 0x25C40080: BaconServiceManager::handleInterestMessage(WaveShortMessage*) (BaconServiceManager.cc:1150)
==6165==    by 0x25C3E206: BaconServiceManager::onNetworkMessage(WaveShortMessage*) (BaconServiceManager.cc:669)
==6165==    by 0x25C46398: BaconServiceManager::handleLowerMsg(omnetpp::cMessage*) (BaconServiceManager.cc:2486)
==6165==    by 0x25C4622B: BaconServiceManager::handleMessage(omnetpp::cMessage*) (BaconServiceManager.cc:2464)
==6165==    by 0x6101E7A: omnetpp::cSimulation::doMessageEvent(omnetpp::cMessage*, omnetpp::cSimpleModule*) (csimulation.cc:692)
==6165==    by 0x6101B55: omnetpp::cSimulation::executeEvent(omnetpp::cEvent*) (csimulation.cc:634)
==6165==    by 0x4E45BE8: omnetpp::cmdenv::Cmdenv::simulate() (cmdenv.cc:396)
==6165==    by 0x4E455CA: omnetpp::cmdenv::Cmdenv::doRun() (cmdenv.cc:276)
==6165==    by 0x5143413: omnetpp::envir::EnvirBase::run() (envirbase.cc:580)
==6165==    by 0x514199B: omnetpp::envir::EnvirBase::run(int, char**, omnetpp::cConfiguration*) (envirbase.cc:300)
==6165== 
==6165== 1,800 (720 direct, 1,080 indirect) bytes in 30 blocks are definitely lost in loss record 373 of 422
==6165==    at 0x4C2E0EF: operator new(unsigned long) (in /usr/lib/valgrind/vgpreload_memcheck-amd64-linux.so)
==6165==    by 0x25C42355: BaconServiceManager::transmitDataChunks(Connection_t*, std::vector<int, std::allocator<int> >*) (BaconServiceManager.cc:1640)
==6165==    by 0x25C3EFCE: BaconServiceManager::handleInterestAcceptMessage(WaveShortMessage*) (BaconServiceManager.cc:854)
==6165==    by 0x25C3E2B0: BaconServiceManager::onNetworkMessage(WaveShortMessage*) (BaconServiceManager.cc:673)
==6165==    by 0x25C46398: BaconServiceManager::handleLowerMsg(omnetpp::cMessage*) (BaconServiceManager.cc:2486)
==6165==    by 0x25C4622B: BaconServiceManager::handleMessage(omnetpp::cMessage*) (BaconServiceManager.cc:2464)
==6165==    by 0x6101E7A: omnetpp::cSimulation::doMessageEvent(omnetpp::cMessage*, omnetpp::cSimpleModule*) (csimulation.cc:692)
==6165==    by 0x6101B55: omnetpp::cSimulation::executeEvent(omnetpp::cEvent*) (csimulation.cc:634)
==6165==    by 0x4E45BE8: omnetpp::cmdenv::Cmdenv::simulate() (cmdenv.cc:396)
==6165==    by 0x4E455CA: omnetpp::cmdenv::Cmdenv::doRun() (cmdenv.cc:276)
==6165==    by 0x5143413: omnetpp::envir::EnvirBase::run() (envirbase.cc:580)
==6165==    by 0x514199B: omnetpp::envir::EnvirBase::run(int, char**, omnetpp::cConfiguration*) (envirbase.cc:300)
==6165== 
==6165== 2,224 (88 direct, 2,136 indirect) bytes in 1 blocks are definitely lost in loss record 375 of 422
==6165==    at 0x4C2E0EF: operator new(unsigned long) (in /usr/lib/valgrind/vgpreload_memcheck-amd64-linux.so)
==6165==    by 0x25C2E73B: __gnu_cxx::new_allocator<std::_List_node<Content_t> >::allocate(unsigned long, void const*) (new_allocator.h:104)
==6165==    by 0x25C2E5C3: std::__cxx11::_List_base<Content_t, std::allocator<Content_t> >::_M_get_node() (stl_list.h:392)
==6165==    by 0x25C2E292: std::_List_node<Content_t>* std::__cxx11::list<Content_t, std::allocator<Content_t> >::_M_create_node<Content_t const&>(Content_t const&) (stl_list.h:571)
==6165==    by 0x25C2DE8F: void std::__cxx11::list<Content_t, std::allocator<Content_t> >::_M_insert<Content_t const&>(std::_List_iterator<Content_t>, Content_t const&) (stl_list.h:1763)
==6165==    by 0x25C31E7B: std::__cxx11::list<Content_t, std::allocator<Content_t> >::push_front(Content_t const&) (stl_list.h:1048)
==6165==    by 0x25C30158: BaconContentProvider::addContentToLibrary(Content_t*) (BaconContentProvider.cc:301)
==6165==    by 0x25C450E3: BaconServiceManager::addContentToCache(Connection_t*) (BaconServiceManager.cc:2306)
==6165==    by 0x25C44C85: BaconServiceManager::runCachePolicy(Connection_t*) (BaconServiceManager.cc:2175)
==6165==    by 0x25C433B5: BaconServiceManager::completeRemoteDataTransfer(Connection_t*) (BaconServiceManager.cc:1792)
==6165==    by 0x25C4092F: BaconServiceManager::handleContentMessage(WaveShortMessage*) (BaconServiceManager.cc:1302)
==6165==    by 0x25C3E305: BaconServiceManager::onNetworkMessage(WaveShortMessage*) (BaconServiceManager.cc:675)
==6165== 
==6165== 2,224 (88 direct, 2,136 indirect) bytes in 1 blocks are definitely lost in loss record 376 of 422
==6165==    at 0x4C2E0EF: operator new(unsigned long) (in /usr/lib/valgrind/vgpreload_memcheck-amd64-linux.so)
==6165==    by 0x25C2E73B: __gnu_cxx::new_allocator<std::_List_node<Content_t> >::allocate(unsigned long, void const*) (new_allocator.h:104)
==6165==    by 0x25C2E5C3: std::__cxx11::_List_base<Content_t, std::allocator<Content_t> >::_M_get_node() (stl_list.h:392)
==6165==    by 0x25C2E292: std::_List_node<Content_t>* std::__cxx11::list<Content_t, std::allocator<Content_t> >::_M_create_node<Content_t const&>(Content_t const&) (stl_list.h:571)
==6165==    by 0x25C2DE8F: void std::__cxx11::list<Content_t, std::allocator<Content_t> >::_M_insert<Content_t const&>(std::_List_iterator<Content_t>, Content_t const&) (stl_list.h:1763)
==6165==    by 0x25C31E7B: std::__cxx11::list<Content_t, std::allocator<Content_t> >::push_front(Content_t const&) (stl_list.h:1048)
==6165==    by 0x25C30158: BaconContentProvider::addContentToLibrary(Content_t*) (BaconContentProvider.cc:301)
==6165==    by 0x25C450E3: BaconServiceManager::addContentToCache(Connection_t*) (BaconServiceManager.cc:2306)
==6165==    by 0x25C44C85: BaconServiceManager::runCachePolicy(Connection_t*) (BaconServiceManager.cc:2175)
==6165==    by 0x25C433B5: BaconServiceManager::completeRemoteDataTransfer(Connection_t*) (BaconServiceManager.cc:1792)
==6165==    by 0x25C3D7AF: BaconServiceManager::handleSelfTimer(WaveShortMessage*) (BaconServiceManager.cc:504)
==6165==    by 0x25C46209: BaconServiceManager::handleMessage(omnetpp::cMessage*) (BaconServiceManager.cc:2460)
==6165== 
==6165== 3,168 bytes in 36 blocks are definitely lost in loss record 378 of 422
==6165==    at 0x4C2E0EF: operator new(unsigned long) (in /usr/lib/valgrind/vgpreload_memcheck-amd64-linux.so)
==6165==    by 0x25C35D2C: BaconStatistics::increaseHopCountResult(int) (BaconStatistics.cc:673)
==6165==    by 0x25C3BC76: BaconServiceManager::saveStatistics() (BaconServiceManager.cc:123)
==6165==    by 0x25C45FE9: BaconServiceManager::sendToClient(WaveShortMessage*) (BaconServiceManager.cc:2440)
==6165==    by 0x25C40D86: BaconServiceManager::notifyOfContentAvailability(WaveShortMessage*, Connection_t*) (BaconServiceManager.cc:1390)
==6165==    by 0x25C43C20: BaconServiceManager::replyAfterContentInclusion(Connection_t*) (BaconServiceManager.cc:1962)
==6165==    by 0x25C43589: BaconServiceManager::fulfillPendingInterest(Connection_t*) (BaconServiceManager.cc:1868)
==6165==    by 0x25C433C8: BaconServiceManager::completeRemoteDataTransfer(Connection_t*) (BaconServiceManager.cc:1795)
==6165==    by 0x25C42BAD: BaconServiceManager::requestChunkRetransmission(Connection_t*) (BaconServiceManager.cc:1720)
==6165==    by 0x25C40893: BaconServiceManager::handleContentMessage(WaveShortMessage*) (BaconServiceManager.cc:1278)
==6165==    by 0x25C3E305: BaconServiceManager::onNetworkMessage(WaveShortMessage*) (BaconServiceManager.cc:675)
==6165==    by 0x25C46398: BaconServiceManager::handleLowerMsg(omnetpp::cMessage*) (BaconServiceManager.cc:2486)
==6165== 
==6165== 4,448 (176 direct, 4,272 indirect) bytes in 2 blocks are definitely lost in loss record 383 of 422
==6165==    at 0x4C2E0EF: operator new(unsigned long) (in /usr/lib/valgrind/vgpreload_memcheck-amd64-linux.so)
==6165==    by 0x25C2E73B: __gnu_cxx::new_allocator<std::_List_node<Content_t> >::allocate(unsigned long, void const*) (new_allocator.h:104)
==6165==    by 0x25C2E5C3: std::__cxx11::_List_base<Content_t, std::allocator<Content_t> >::_M_get_node() (stl_list.h:392)
==6165==    by 0x25C2E292: std::_List_node<Content_t>* std::__cxx11::list<Content_t, std::allocator<Content_t> >::_M_create_node<Content_t const&>(Content_t const&) (stl_list.h:571)
==6165==    by 0x25C2DE8F: void std::__cxx11::list<Content_t, std::allocator<Content_t> >::_M_insert<Content_t const&>(std::_List_iterator<Content_t>, Content_t const&) (stl_list.h:1763)
==6165==    by 0x25C31E7B: std::__cxx11::list<Content_t, std::allocator<Content_t> >::push_front(Content_t const&) (stl_list.h:1048)
==6165==    by 0x25C30158: BaconContentProvider::addContentToLibrary(Content_t*) (BaconContentProvider.cc:301)
==6165==    by 0x25C450E3: BaconServiceManager::addContentToCache(Connection_t*) (BaconServiceManager.cc:2306)
==6165==    by 0x25C44C85: BaconServiceManager::runCachePolicy(Connection_t*) (BaconServiceManager.cc:2175)
==6165==    by 0x25C433B5: BaconServiceManager::completeRemoteDataTransfer(Connection_t*) (BaconServiceManager.cc:1792)
==6165==    by 0x25C42BAD: BaconServiceManager::requestChunkRetransmission(Connection_t*) (BaconServiceManager.cc:1720)
==6165==    by 0x25C40893: BaconServiceManager::handleContentMessage(WaveShortMessage*) (BaconServiceManager.cc:1278)
==6165== 
==6165== 4,475 (4,200 direct, 275 indirect) bytes in 25 blocks are definitely lost in loss record 384 of 422
==6165==    at 0x4C2E0EF: operator new(unsigned long) (in /usr/lib/valgrind/vgpreload_memcheck-amd64-linux.so)
==6165==    by 0x25CA0EC6: BaseWaveApplLayer::initialize(int) (BaseWaveApplLayer.cc:46)
==6165==    by 0x25C22808: BaconClient::initialize(int) (BaconClient.cc:15)
==6165==    by 0x60CF2D3: omnetpp::cModule::initializeModules(int) (cmodule.cc:1374)
==6165==    by 0x60CF337: omnetpp::cModule::initializeModules(int) (cmodule.cc:1387)
==6165==    by 0x60CEEF3: omnetpp::cModule::callInitialize() (cmodule.cc:1318)
==6165==    by 0x25CDAD62: Veins::TraCIScenarioManager::addModule(std::__cxx11::basic_string<char, std::char_traits<char>, std::allocator<char> >, std::__cxx11::basic_string<char, std::char_traits<char>, std::allocator<char> >, std::__cxx11::basic_string<char, std::char_traits<char>, std::allocator<char> >, std::__cxx11::basic_string<char, std::char_traits<char>, std::allocator<char> >, Coord const&, std::__cxx11::basic_string<char, std::char_traits<char>, std::allocator<char> >, double, double) (TraCIScenarioManager.cc:441)
==6165==    by 0x25CDE61E: Veins::TraCIScenarioManager::processVehicleSubscription(std::__cxx11::basic_string<char, std::char_traits<char>, std::allocator<char> >, Veins::TraCIBuffer&) (TraCIScenarioManager.cc:879)
==6165==    by 0x25CDEC3F: Veins::TraCIScenarioManager::processSubcriptionResult(Veins::TraCIBuffer&) (TraCIScenarioManager.cc:902)
==6165==    by 0x25CDBCD7: Veins::TraCIScenarioManager::subscribeToVehicleVariables(std::__cxx11::basic_string<char, std::char_traits<char>, std::allocator<char> >) (TraCIScenarioManager.cc:575)
==6165==    by 0x25CDD699: Veins::TraCIScenarioManager::processVehicleSubscription(std::__cxx11::basic_string<char, std::char_traits<char>, std::allocator<char> >, Veins::TraCIBuffer&) (TraCIScenarioManager.cc:770)
==6165==    by 0x25CDEC3F: Veins::TraCIScenarioManager::processSubcriptionResult(Veins::TraCIBuffer&) (TraCIScenarioManager.cc:902)
==6165== 
==6165== 4,475 (4,200 direct, 275 indirect) bytes in 25 blocks are definitely lost in loss record 385 of 422
==6165==    at 0x4C2E0EF: operator new(unsigned long) (in /usr/lib/valgrind/vgpreload_memcheck-amd64-linux.so)
==6165==    by 0x25CA0EC6: BaseWaveApplLayer::initialize(int) (BaseWaveApplLayer.cc:46)
==6165==    by 0x25C3B528: BaconServiceManager::initialize(int) (BaconServiceManager.cc:28)
==6165==    by 0x60CF2D3: omnetpp::cModule::initializeModules(int) (cmodule.cc:1374)
==6165==    by 0x60CF337: omnetpp::cModule::initializeModules(int) (cmodule.cc:1387)
==6165==    by 0x60CEEF3: omnetpp::cModule::callInitialize() (cmodule.cc:1318)
==6165==    by 0x25CDAD62: Veins::TraCIScenarioManager::addModule(std::__cxx11::basic_string<char, std::char_traits<char>, std::allocator<char> >, std::__cxx11::basic_string<char, std::char_traits<char>, std::allocator<char> >, std::__cxx11::basic_string<char, std::char_traits<char>, std::allocator<char> >, std::__cxx11::basic_string<char, std::char_traits<char>, std::allocator<char> >, Coord const&, std::__cxx11::basic_string<char, std::char_traits<char>, std::allocator<char> >, double, double) (TraCIScenarioManager.cc:441)
==6165==    by 0x25CDE61E: Veins::TraCIScenarioManager::processVehicleSubscription(std::__cxx11::basic_string<char, std::char_traits<char>, std::allocator<char> >, Veins::TraCIBuffer&) (TraCIScenarioManager.cc:879)
==6165==    by 0x25CDEC3F: Veins::TraCIScenarioManager::processSubcriptionResult(Veins::TraCIBuffer&) (TraCIScenarioManager.cc:902)
==6165==    by 0x25CDBCD7: Veins::TraCIScenarioManager::subscribeToVehicleVariables(std::__cxx11::basic_string<char, std::char_traits<char>, std::allocator<char> >) (TraCIScenarioManager.cc:575)
==6165==    by 0x25CDD699: Veins::TraCIScenarioManager::processVehicleSubscription(std::__cxx11::basic_string<char, std::char_traits<char>, std::allocator<char> >, Veins::TraCIBuffer&) (TraCIScenarioManager.cc:770)
==6165==    by 0x25CDEC3F: Veins::TraCIScenarioManager::processSubcriptionResult(Veins::TraCIBuffer&) (TraCIScenarioManager.cc:902)
==6165== 
==6165== 15,568 (168 direct, 15,400 indirect) bytes in 7 blocks are definitely lost in loss record 389 of 422
==6165==    at 0x4C2E0EF: operator new(unsigned long) (in /usr/lib/valgrind/vgpreload_memcheck-amd64-linux.so)
==6165==    by 0x25C30407: BaconContentProvider::buildContentLibrary() (BaconContentProvider.cc:346)
==6165==    by 0x25C2EF57: BaconContentProvider::initialize(int) (BaconContentProvider.cc:43)
==6165==    by 0x60CF2D3: omnetpp::cModule::initializeModules(int) (cmodule.cc:1374)
==6165==    by 0x60CF337: omnetpp::cModule::initializeModules(int) (cmodule.cc:1387)
==6165==    by 0x60CEEF3: omnetpp::cModule::callInitialize() (cmodule.cc:1318)
==6165==    by 0x25CDAD62: Veins::TraCIScenarioManager::addModule(std::__cxx11::basic_string<char, std::char_traits<char>, std::allocator<char> >, std::__cxx11::basic_string<char, std::char_traits<char>, std::allocator<char> >, std::__cxx11::basic_string<char, std::char_traits<char>, std::allocator<char> >, std::__cxx11::basic_string<char, std::char_traits<char>, std::allocator<char> >, Coord const&, std::__cxx11::basic_string<char, std::char_traits<char>, std::allocator<char> >, double, double) (TraCIScenarioManager.cc:441)
==6165==    by 0x25CDE61E: Veins::TraCIScenarioManager::processVehicleSubscription(std::__cxx11::basic_string<char, std::char_traits<char>, std::allocator<char> >, Veins::TraCIBuffer&) (TraCIScenarioManager.cc:879)
==6165==    by 0x25CDEC3F: Veins::TraCIScenarioManager::processSubcriptionResult(Veins::TraCIBuffer&) (TraCIScenarioManager.cc:902)
==6165==    by 0x25CDBCD7: Veins::TraCIScenarioManager::subscribeToVehicleVariables(std::__cxx11::basic_string<char, std::char_traits<char>, std::allocator<char> >) (TraCIScenarioManager.cc:575)
==6165==    by 0x25CDD699: Veins::TraCIScenarioManager::processVehicleSubscription(std::__cxx11::basic_string<char, std::char_traits<char>, std::allocator<char> >, Veins::TraCIBuffer&) (TraCIScenarioManager.cc:770)
==6165==    by 0x25CDEC3F: Veins::TraCIScenarioManager::processSubcriptionResult(Veins::TraCIBuffer&) (TraCIScenarioManager.cc:902)
==6165== 
==6165== 18,560 bytes in 116 blocks are possibly lost in loss record 391 of 422
==6165==    at 0x4C2E0EF: operator new(unsigned long) (in /usr/lib/valgrind/vgpreload_memcheck-amd64-linux.so)
==6165==    by 0x25C43F66: BaconServiceManager::createGenericConnection(Content_t*) (BaconServiceManager.cc:1997)
==6165==    by 0x25C4458A: BaconServiceManager::createServerSidedConnection(WaveShortMessage*) (BaconServiceManager.cc:2066)
==6165==    by 0x25C3FCA4: BaconServiceManager::handleInterestMessage(WaveShortMessage*) (BaconServiceManager.cc:1078)
==6165==    by 0x25C3E206: BaconServiceManager::onNetworkMessage(WaveShortMessage*) (BaconServiceManager.cc:669)
==6165==    by 0x25C46398: BaconServiceManager::handleLowerMsg(omnetpp::cMessage*) (BaconServiceManager.cc:2486)
==6165==    by 0x25C4622B: BaconServiceManager::handleMessage(omnetpp::cMessage*) (BaconServiceManager.cc:2464)
==6165==    by 0x6101E7A: omnetpp::cSimulation::doMessageEvent(omnetpp::cMessage*, omnetpp::cSimpleModule*) (csimulation.cc:692)
==6165==    by 0x6101B55: omnetpp::cSimulation::executeEvent(omnetpp::cEvent*) (csimulation.cc:634)
==6165==    by 0x4E45BE8: omnetpp::cmdenv::Cmdenv::simulate() (cmdenv.cc:396)
==6165==    by 0x4E455CA: omnetpp::cmdenv::Cmdenv::doRun() (cmdenv.cc:276)
==6165==    by 0x5143413: omnetpp::envir::EnvirBase::run() (envirbase.cc:580)
==6165== 
==6165== 22,865 (16,456 direct, 6,409 indirect) bytes in 187 blocks are definitely lost in loss record 392 of 422
==6165==    at 0x4C2E0EF: operator new(unsigned long) (in /usr/lib/valgrind/vgpreload_memcheck-amd64-linux.so)
==6165==    by 0x25C35D2C: BaconStatistics::increaseHopCountResult(int) (BaconStatistics.cc:673)
==6165==    by 0x25C3BC76: BaconServiceManager::saveStatistics() (BaconServiceManager.cc:123)
==6165==    by 0x25C45FE9: BaconServiceManager::sendToClient(WaveShortMessage*) (BaconServiceManager.cc:2440)
==6165==    by 0x25C40D86: BaconServiceManager::notifyOfContentAvailability(WaveShortMessage*, Connection_t*) (BaconServiceManager.cc:1390)
==6165==    by 0x25C43C20: BaconServiceManager::replyAfterContentInclusion(Connection_t*) (BaconServiceManager.cc:1962)
==6165==    by 0x25C43589: BaconServiceManager::fulfillPendingInterest(Connection_t*) (BaconServiceManager.cc:1868)
==6165==    by 0x25C433C8: BaconServiceManager::completeRemoteDataTransfer(Connection_t*) (BaconServiceManager.cc:1795)
==6165==    by 0x25C3D7AF: BaconServiceManager::handleSelfTimer(WaveShortMessage*) (BaconServiceManager.cc:504)
==6165==    by 0x25C46209: BaconServiceManager::handleMessage(omnetpp::cMessage*) (BaconServiceManager.cc:2460)
==6165==    by 0x6101E7A: omnetpp::cSimulation::doMessageEvent(omnetpp::cMessage*, omnetpp::cSimpleModule*) (csimulation.cc:692)
==6165==    by 0x6101B55: omnetpp::cSimulation::executeEvent(omnetpp::cEvent*) (csimulation.cc:634)
==6165== 
==6165== 28,912 (1,144 direct, 27,768 indirect) bytes in 13 blocks are definitely lost in loss record 395 of 422
==6165==    at 0x4C2E0EF: operator new(unsigned long) (in /usr/lib/valgrind/vgpreload_memcheck-amd64-linux.so)
==6165==    by 0x25C2E73B: __gnu_cxx::new_allocator<std::_List_node<Content_t> >::allocate(unsigned long, void const*) (new_allocator.h:104)
==6165==    by 0x25C2E5C3: std::__cxx11::_List_base<Content_t, std::allocator<Content_t> >::_M_get_node() (stl_list.h:392)
==6165==    by 0x25C2E292: std::_List_node<Content_t>* std::__cxx11::list<Content_t, std::allocator<Content_t> >::_M_create_node<Content_t const&>(Content_t const&) (stl_list.h:571)
==6165==    by 0x25C2DE8F: void std::__cxx11::list<Content_t, std::allocator<Content_t> >::_M_insert<Content_t const&>(std::_List_iterator<Content_t>, Content_t const&) (stl_list.h:1763)
==6165==    by 0x25C31E7B: std::__cxx11::list<Content_t, std::allocator<Content_t> >::push_front(Content_t const&) (stl_list.h:1048)
==6165==    by 0x25C30158: BaconContentProvider::addContentToLibrary(Content_t*) (BaconContentProvider.cc:301)
==6165==    by 0x25C450E3: BaconServiceManager::addContentToCache(Connection_t*) (BaconServiceManager.cc:2306)
==6165==    by 0x25C44BF0: BaconServiceManager::runCachePolicy(Connection_t*) (BaconServiceManager.cc:2162)
==6165==    by 0x25C43563: BaconServiceManager::fulfillPendingInterest(Connection_t*) (BaconServiceManager.cc:1859)
==6165==    by 0x25C433C8: BaconServiceManager::completeRemoteDataTransfer(Connection_t*) (BaconServiceManager.cc:1795)
==6165==    by 0x25C4092F: BaconServiceManager::handleContentMessage(WaveShortMessage*) (BaconServiceManager.cc:1302)
==6165== 
==6165== 49,152 bytes in 1 blocks are possibly lost in loss record 399 of 422
==6165==    at 0x4C2E0EF: operator new(unsigned long) (in /usr/lib/valgrind/vgpreload_memcheck-amd64-linux.so)
==6165==    by 0x517BCEE: __gnu_cxx::new_allocator<omnetpp::envir::cIndexedFileOutputVectorManager::Sample>::allocate(unsigned long, void const*) (new_allocator.h:104)
==6165==    by 0x517B767: std::allocator_traits<std::allocator<omnetpp::envir::cIndexedFileOutputVectorManager::Sample> >::allocate(std::allocator<omnetpp::envir::cIndexedFileOutputVectorManager::Sample>&, unsigned long) (alloc_traits.h:491)
==6165==    by 0x517B05D: std::_Vector_base<omnetpp::envir::cIndexedFileOutputVectorManager::Sample, std::allocator<omnetpp::envir::cIndexedFileOutputVectorManager::Sample> >::_M_allocate(unsigned long) (stl_vector.h:170)
==6165==    by 0x517B519: void std::vector<omnetpp::envir::cIndexedFileOutputVectorManager::Sample, std::allocator<omnetpp::envir::cIndexedFileOutputVectorManager::Sample> >::_M_emplace_back_aux<omnetpp::envir::cIndexedFileOutputVectorManager::Sample>(omnetpp::envir::cIndexedFileOutputVectorManager::Sample&&) (vector.tcc:412)
==6165==    by 0x517AF16: void std::vector<omnetpp::envir::cIndexedFileOutputVectorManager::Sample, std::allocator<omnetpp::envir::cIndexedFileOutputVectorManager::Sample> >::emplace_back<omnetpp::envir::cIndexedFileOutputVectorManager::Sample>(omnetpp::envir::cIndexedFileOutputVectorManager::Sample&&) (vector.tcc:101)
==6165==    by 0x517A56B: std::vector<omnetpp::envir::cIndexedFileOutputVectorManager::Sample, std::allocator<omnetpp::envir::cIndexedFileOutputVectorManager::Sample> >::push_back(omnetpp::envir::cIndexedFileOutputVectorManager::Sample&&) (stl_vector.h:932)
==6165==    by 0x5179239: omnetpp::envir::cIndexedFileOutputVectorManager::record(void*, omnetpp::SimTime, double) (indexedfileoutvectormgr.cc:209)
==6165==    by 0x5148739: omnetpp::envir::EnvirBase::recordInOutputVector(void*, omnetpp::SimTime, double) (envirbase.cc:1515)
==6165==    by 0x60E0E45: omnetpp::cOutVector::recordWithTimestamp(omnetpp::SimTime, double) (coutvector.cc:205)
==6165==    by 0x60E0B57: omnetpp::cOutVector::record(double) (coutvector.cc:177)
==6165==    by 0x25C35F3F: BaconStatistics::increaseHopCountResult(int) (BaconStatistics.cc:708)
==6165== 
==6165== 138,561 (89,144 direct, 49,417 indirect) bytes in 1,013 blocks are definitely lost in loss record 405 of 422
==6165==    at 0x4C2E0EF: operator new(unsigned long) (in /usr/lib/valgrind/vgpreload_memcheck-amd64-linux.so)
==6165==    by 0x25C35D2C: BaconStatistics::increaseHopCountResult(int) (BaconStatistics.cc:673)
==6165==    by 0x25C3BC76: BaconServiceManager::saveStatistics() (BaconServiceManager.cc:123)
==6165==    by 0x25C45FE9: BaconServiceManager::sendToClient(WaveShortMessage*) (BaconServiceManager.cc:2440)
==6165==    by 0x25C40D86: BaconServiceManager::notifyOfContentAvailability(WaveShortMessage*, Connection_t*) (BaconServiceManager.cc:1390)
==6165==    by 0x25C3FFB4: BaconServiceManager::handleInterestMessage(WaveShortMessage*) (BaconServiceManager.cc:1140)
==6165==    by 0x25C3E206: BaconServiceManager::onNetworkMessage(WaveShortMessage*) (BaconServiceManager.cc:669)
==6165==    by 0x25C4635F: BaconServiceManager::handleLowerMsg(omnetpp::cMessage*) (BaconServiceManager.cc:2482)
==6165==    by 0x25C4622B: BaconServiceManager::handleMessage(omnetpp::cMessage*) (BaconServiceManager.cc:2464)
==6165==    by 0x6101E7A: omnetpp::cSimulation::doMessageEvent(omnetpp::cMessage*, omnetpp::cSimpleModule*) (csimulation.cc:692)
==6165==    by 0x6101B55: omnetpp::cSimulation::executeEvent(omnetpp::cEvent*) (csimulation.cc:634)
==6165==    by 0x4E45BE8: omnetpp::cmdenv::Cmdenv::simulate() (cmdenv.cc:396)
==6165== 
==6165== 266,519 (218,240 direct, 48,279 indirect) bytes in 2,480 blocks are definitely lost in loss record 406 of 422
==6165==    at 0x4C2E0EF: operator new(unsigned long) (in /usr/lib/valgrind/vgpreload_memcheck-amd64-linux.so)
==6165==    by 0x25C35D2C: BaconStatistics::increaseHopCountResult(int) (BaconStatistics.cc:673)
==6165==    by 0x25C3BC76: BaconServiceManager::saveStatistics() (BaconServiceManager.cc:123)
==6165==    by 0x25C45FE9: BaconServiceManager::sendToClient(WaveShortMessage*) (BaconServiceManager.cc:2440)
==6165==    by 0x25C40D86: BaconServiceManager::notifyOfContentAvailability(WaveShortMessage*, Connection_t*) (BaconServiceManager.cc:1390)
==6165==    by 0x25C43C20: BaconServiceManager::replyAfterContentInclusion(Connection_t*) (BaconServiceManager.cc:1962)
==6165==    by 0x25C43589: BaconServiceManager::fulfillPendingInterest(Connection_t*) (BaconServiceManager.cc:1868)
==6165==    by 0x25C433C8: BaconServiceManager::completeRemoteDataTransfer(Connection_t*) (BaconServiceManager.cc:1795)
==6165==    by 0x25C4092F: BaconServiceManager::handleContentMessage(WaveShortMessage*) (BaconServiceManager.cc:1302)
==6165==    by 0x25C3E305: BaconServiceManager::onNetworkMessage(WaveShortMessage*) (BaconServiceManager.cc:675)
==6165==    by 0x25C46398: BaconServiceManager::handleLowerMsg(omnetpp::cMessage*) (BaconServiceManager.cc:2486)
==6165==    by 0x25C4622B: BaconServiceManager::handleMessage(omnetpp::cMessage*) (BaconServiceManager.cc:2464)
==6165== 
==6165== 287,737 (270,160 direct, 17,577 indirect) bytes in 3,070 blocks are definitely lost in loss record 407 of 422
==6165==    at 0x4C2E0EF: operator new(unsigned long) (in /usr/lib/valgrind/vgpreload_memcheck-amd64-linux.so)
==6165==    by 0x25C4538C: BaconServiceManager::createInterest(std::__cxx11::basic_string<char, std::char_traits<char>, std::allocator<char> >, int) (BaconServiceManager.cc:2339)
==6165==    by 0x25C40080: BaconServiceManager::handleInterestMessage(WaveShortMessage*) (BaconServiceManager.cc:1150)
==6165==    by 0x25C3EA3D: BaconServiceManager::handleInterestAcceptMessage(WaveShortMessage*) (BaconServiceManager.cc:760)
==6165==    by 0x25C3E35A: BaconServiceManager::onNetworkMessage(WaveShortMessage*) (BaconServiceManager.cc:677)
==6165==    by 0x25C46398: BaconServiceManager::handleLowerMsg(omnetpp::cMessage*) (BaconServiceManager.cc:2486)
==6165==    by 0x25C4622B: BaconServiceManager::handleMessage(omnetpp::cMessage*) (BaconServiceManager.cc:2464)
==6165==    by 0x6101E7A: omnetpp::cSimulation::doMessageEvent(omnetpp::cMessage*, omnetpp::cSimpleModule*) (csimulation.cc:692)
==6165==    by 0x6101B55: omnetpp::cSimulation::executeEvent(omnetpp::cEvent*) (csimulation.cc:634)
==6165==    by 0x4E45BE8: omnetpp::cmdenv::Cmdenv::simulate() (cmdenv.cc:396)
==6165==    by 0x4E455CA: omnetpp::cmdenv::Cmdenv::doRun() (cmdenv.cc:276)
==6165==    by 0x5143413: omnetpp::envir::EnvirBase::run() (envirbase.cc:580)
==6165== 
==6165== 468,069 (383,240 direct, 84,829 indirect) bytes in 4,355 blocks are definitely lost in loss record 409 of 422
==6165==    at 0x4C2E0EF: operator new(unsigned long) (in /usr/lib/valgrind/vgpreload_memcheck-amd64-linux.so)
==6165==    by 0x25C4538C: BaconServiceManager::createInterest(std::__cxx11::basic_string<char, std::char_traits<char>, std::allocator<char> >, int) (BaconServiceManager.cc:2339)
==6165==    by 0x25C40080: BaconServiceManager::handleInterestMessage(WaveShortMessage*) (BaconServiceManager.cc:1150)
==6165==    by 0x25C3E206: BaconServiceManager::onNetworkMessage(WaveShortMessage*) (BaconServiceManager.cc:669)
==6165==    by 0x25C4635F: BaconServiceManager::handleLowerMsg(omnetpp::cMessage*) (BaconServiceManager.cc:2482)
==6165==    by 0x25C4622B: BaconServiceManager::handleMessage(omnetpp::cMessage*) (BaconServiceManager.cc:2464)
==6165==    by 0x6101E7A: omnetpp::cSimulation::doMessageEvent(omnetpp::cMessage*, omnetpp::cSimpleModule*) (csimulation.cc:692)
==6165==    by 0x6101B55: omnetpp::cSimulation::executeEvent(omnetpp::cEvent*) (csimulation.cc:634)
==6165==    by 0x4E45BE8: omnetpp::cmdenv::Cmdenv::simulate() (cmdenv.cc:396)
==6165==    by 0x4E455CA: omnetpp::cmdenv::Cmdenv::doRun() (cmdenv.cc:276)
==6165==    by 0x5143413: omnetpp::envir::EnvirBase::run() (envirbase.cc:580)
==6165==    by 0x514199B: omnetpp::envir::EnvirBase::run(int, char**, omnetpp::cConfiguration*) (envirbase.cc:300)
==6165== 
==6165== 487,660 (487,360 direct, 300 indirect) bytes in 3,046 blocks are definitely lost in loss record 410 of 422
==6165==    at 0x4C2E0EF: operator new(unsigned long) (in /usr/lib/valgrind/vgpreload_memcheck-amd64-linux.so)
==6165==    by 0x25C43F66: BaconServiceManager::createGenericConnection(Content_t*) (BaconServiceManager.cc:1997)
==6165==    by 0x25C4458A: BaconServiceManager::createServerSidedConnection(WaveShortMessage*) (BaconServiceManager.cc:2066)
==6165==    by 0x25C3FCA4: BaconServiceManager::handleInterestMessage(WaveShortMessage*) (BaconServiceManager.cc:1078)
==6165==    by 0x25C3EA3D: BaconServiceManager::handleInterestAcceptMessage(WaveShortMessage*) (BaconServiceManager.cc:760)
==6165==    by 0x25C3E35A: BaconServiceManager::onNetworkMessage(WaveShortMessage*) (BaconServiceManager.cc:677)
==6165==    by 0x25C46398: BaconServiceManager::handleLowerMsg(omnetpp::cMessage*) (BaconServiceManager.cc:2486)
==6165==    by 0x25C4622B: BaconServiceManager::handleMessage(omnetpp::cMessage*) (BaconServiceManager.cc:2464)
==6165==    by 0x6101E7A: omnetpp::cSimulation::doMessageEvent(omnetpp::cMessage*, omnetpp::cSimpleModule*) (csimulation.cc:692)
==6165==    by 0x6101B55: omnetpp::cSimulation::executeEvent(omnetpp::cEvent*) (csimulation.cc:634)
==6165==    by 0x4E45BE8: omnetpp::cmdenv::Cmdenv::simulate() (cmdenv.cc:396)
==6165==    by 0x4E455CA: omnetpp::cmdenv::Cmdenv::doRun() (cmdenv.cc:276)
==6165== 
==6165== 541,056 bytes in 5,636 blocks are definitely lost in loss record 411 of 422
==6165==    at 0x4C2E0EF: operator new(unsigned long) (in /usr/lib/valgrind/vgpreload_memcheck-amd64-linux.so)
==6165==    by 0x25C23E9A: BaconClient::startContentRequest(omnetpp::cMessage*) (BaconClient.cc:394)
==6165==    by 0x25C24C15: BaconClient::handleMessage(omnetpp::cMessage*) (BaconClient.cc:493)
==6165==    by 0x6101E7A: omnetpp::cSimulation::doMessageEvent(omnetpp::cMessage*, omnetpp::cSimpleModule*) (csimulation.cc:692)
==6165==    by 0x6101B55: omnetpp::cSimulation::executeEvent(omnetpp::cEvent*) (csimulation.cc:634)
==6165==    by 0x4E45BE8: omnetpp::cmdenv::Cmdenv::simulate() (cmdenv.cc:396)
==6165==    by 0x4E455CA: omnetpp::cmdenv::Cmdenv::doRun() (cmdenv.cc:276)
==6165==    by 0x5143413: omnetpp::envir::EnvirBase::run() (envirbase.cc:580)
==6165==    by 0x514199B: omnetpp::envir::EnvirBase::run(int, char**, omnetpp::cConfiguration*) (envirbase.cc:300)
==6165==    by 0x513ADBA: omnetpp::envir::setupUserInterface(int, char**) (startup.cc:235)
==6165==    by 0x513BDAF: evMain (evmain.cc:40)
==6165==    by 0x401EFB: main (opp_run.cc:290)
==6165== 
==6165== 865,600 bytes in 5,410 blocks are definitely lost in loss record 412 of 422
==6165==    at 0x4C2E0EF: operator new(unsigned long) (in /usr/lib/valgrind/vgpreload_memcheck-amd64-linux.so)
==6165==    by 0x25C43F66: BaconServiceManager::createGenericConnection(Content_t*) (BaconServiceManager.cc:1997)
==6165==    by 0x25C4458A: BaconServiceManager::createServerSidedConnection(WaveShortMessage*) (BaconServiceManager.cc:2066)
==6165==    by 0x25C3FCA4: BaconServiceManager::handleInterestMessage(WaveShortMessage*) (BaconServiceManager.cc:1078)
==6165==    by 0x25C3E206: BaconServiceManager::onNetworkMessage(WaveShortMessage*) (BaconServiceManager.cc:669)
==6165==    by 0x25C4635F: BaconServiceManager::handleLowerMsg(omnetpp::cMessage*) (BaconServiceManager.cc:2482)
==6165==    by 0x25C4622B: BaconServiceManager::handleMessage(omnetpp::cMessage*) (BaconServiceManager.cc:2464)
==6165==    by 0x6101E7A: omnetpp::cSimulation::doMessageEvent(omnetpp::cMessage*, omnetpp::cSimpleModule*) (csimulation.cc:692)
==6165==    by 0x6101B55: omnetpp::cSimulation::executeEvent(omnetpp::cEvent*) (csimulation.cc:634)
==6165==    by 0x4E45BE8: omnetpp::cmdenv::Cmdenv::simulate() (cmdenv.cc:396)
==6165==    by 0x4E455CA: omnetpp::cmdenv::Cmdenv::doRun() (cmdenv.cc:276)
==6165==    by 0x5143413: omnetpp::envir::EnvirBase::run() (envirbase.cc:580)
==6165== 
==6165== 1,122,004 (696,192 direct, 425,812 indirect) bytes in 29,008 blocks are definitely lost in loss record 416 of 422
==6165==    at 0x4C2E0EF: operator new(unsigned long) (in /usr/lib/valgrind/vgpreload_memcheck-amd64-linux.so)
==6165==    by 0x25C3ED74: BaconServiceManager::handleInterestAcceptMessage(WaveShortMessage*) (BaconServiceManager.cc:819)
==6165==    by 0x25C3E35A: BaconServiceManager::onNetworkMessage(WaveShortMessage*) (BaconServiceManager.cc:677)
==6165==    by 0x25C46398: BaconServiceManager::handleLowerMsg(omnetpp::cMessage*) (BaconServiceManager.cc:2486)
==6165==    by 0x25C4622B: BaconServiceManager::handleMessage(omnetpp::cMessage*) (BaconServiceManager.cc:2464)
==6165==    by 0x6101E7A: omnetpp::cSimulation::doMessageEvent(omnetpp::cMessage*, omnetpp::cSimpleModule*) (csimulation.cc:692)
==6165==    by 0x6101B55: omnetpp::cSimulation::executeEvent(omnetpp::cEvent*) (csimulation.cc:634)
==6165==    by 0x4E45BE8: omnetpp::cmdenv::Cmdenv::simulate() (cmdenv.cc:396)
==6165==    by 0x4E455CA: omnetpp::cmdenv::Cmdenv::doRun() (cmdenv.cc:276)
==6165==    by 0x5143413: omnetpp::envir::EnvirBase::run() (envirbase.cc:580)
==6165==    by 0x514199B: omnetpp::envir::EnvirBase::run(int, char**, omnetpp::cConfiguration*) (envirbase.cc:300)
==6165==    by 0x513ADBA: omnetpp::envir::setupUserInterface(int, char**) (startup.cc:235)
==6165== 
==6165== 1,572,076 (633,264 direct, 938,812 indirect) bytes in 26,386 blocks are definitely lost in loss record 417 of 422
==6165==    at 0x4C2E0EF: operator new(unsigned long) (in /usr/lib/valgrind/vgpreload_memcheck-amd64-linux.so)
==6165==    by 0x25C3ED74: BaconServiceManager::handleInterestAcceptMessage(WaveShortMessage*) (BaconServiceManager.cc:819)
==6165==    by 0x25C3E2B0: BaconServiceManager::onNetworkMessage(WaveShortMessage*) (BaconServiceManager.cc:673)
==6165==    by 0x25C46398: BaconServiceManager::handleLowerMsg(omnetpp::cMessage*) (BaconServiceManager.cc:2486)
==6165==    by 0x25C4622B: BaconServiceManager::handleMessage(omnetpp::cMessage*) (BaconServiceManager.cc:2464)
==6165==    by 0x6101E7A: omnetpp::cSimulation::doMessageEvent(omnetpp::cMessage*, omnetpp::cSimpleModule*) (csimulation.cc:692)
==6165==    by 0x6101B55: omnetpp::cSimulation::executeEvent(omnetpp::cEvent*) (csimulation.cc:634)
==6165==    by 0x4E45BE8: omnetpp::cmdenv::Cmdenv::simulate() (cmdenv.cc:396)
==6165==    by 0x4E455CA: omnetpp::cmdenv::Cmdenv::doRun() (cmdenv.cc:276)
==6165==    by 0x5143413: omnetpp::envir::EnvirBase::run() (envirbase.cc:580)
==6165==    by 0x514199B: omnetpp::envir::EnvirBase::run(int, char**, omnetpp::cConfiguration*) (envirbase.cc:300)
==6165==    by 0x513ADBA: omnetpp::envir::setupUserInterface(int, char**) (startup.cc:235)
==6165== 
==6165== 3,464,723 (3,048,640 direct, 416,083 indirect) bytes in 19,054 blocks are definitely lost in loss record 418 of 422
==6165==    at 0x4C2E0EF: operator new(unsigned long) (in /usr/lib/valgrind/vgpreload_memcheck-amd64-linux.so)
==6165==    by 0x25C43F66: BaconServiceManager::createGenericConnection(Content_t*) (BaconServiceManager.cc:1997)
==6165==    by 0x25C44999: BaconServiceManager::createClientSidedConnection(WaveShortMessage*) (BaconServiceManager.cc:2120)
==6165==    by 0x25C3F59A: BaconServiceManager::handleInterestReplyMessage(WaveShortMessage*) (BaconServiceManager.cc:941)
==6165==    by 0x25C3E25B: BaconServiceManager::onNetworkMessage(WaveShortMessage*) (BaconServiceManager.cc:671)
==6165==    by 0x25C46398: BaconServiceManager::handleLowerMsg(omnetpp::cMessage*) (BaconServiceManager.cc:2486)
==6165==    by 0x25C4622B: BaconServiceManager::handleMessage(omnetpp::cMessage*) (BaconServiceManager.cc:2464)
==6165==    by 0x6101E7A: omnetpp::cSimulation::doMessageEvent(omnetpp::cMessage*, omnetpp::cSimpleModule*) (csimulation.cc:692)
==6165==    by 0x6101B55: omnetpp::cSimulation::executeEvent(omnetpp::cEvent*) (csimulation.cc:634)
==6165==    by 0x4E45BE8: omnetpp::cmdenv::Cmdenv::simulate() (cmdenv.cc:396)
==6165==    by 0x4E455CA: omnetpp::cmdenv::Cmdenv::doRun() (cmdenv.cc:276)
==6165==    by 0x5143413: omnetpp::envir::EnvirBase::run() (envirbase.cc:580)
==6165== 
==6165== 7,997,863 (7,097,288 direct, 900,575 indirect) bytes in 80,651 blocks are definitely lost in loss record 421 of 422
==6165==    at 0x4C2E0EF: operator new(unsigned long) (in /usr/lib/valgrind/vgpreload_memcheck-amd64-linux.so)
==6165==    by 0x25C4538C: BaconServiceManager::createInterest(std::__cxx11::basic_string<char, std::char_traits<char>, std::allocator<char> >, int) (BaconServiceManager.cc:2339)
==6165==    by 0x25C40080: BaconServiceManager::handleInterestMessage(WaveShortMessage*) (BaconServiceManager.cc:1150)
==6165==    by 0x25C3E206: BaconServiceManager::onNetworkMessage(WaveShortMessage*) (BaconServiceManager.cc:669)
==6165==    by 0x25C46398: BaconServiceManager::handleLowerMsg(omnetpp::cMessage*) (BaconServiceManager.cc:2486)
==6165==    by 0x25C4622B: BaconServiceManager::handleMessage(omnetpp::cMessage*) (BaconServiceManager.cc:2464)
==6165==    by 0x6101E7A: omnetpp::cSimulation::doMessageEvent(omnetpp::cMessage*, omnetpp::cSimpleModule*) (csimulation.cc:692)
==6165==    by 0x6101B55: omnetpp::cSimulation::executeEvent(omnetpp::cEvent*) (csimulation.cc:634)
==6165==    by 0x4E45BE8: omnetpp::cmdenv::Cmdenv::simulate() (cmdenv.cc:396)
==6165==    by 0x4E455CA: omnetpp::cmdenv::Cmdenv::doRun() (cmdenv.cc:276)
==6165==    by 0x5143413: omnetpp::envir::EnvirBase::run() (envirbase.cc:580)
==6165==    by 0x514199B: omnetpp::envir::EnvirBase::run(int, char**, omnetpp::cConfiguration*) (envirbase.cc:300)
==6165== 
==6165== 41,643,540 (40,617,440 direct, 1,026,100 indirect) bytes in 253,859 blocks are definitely lost in loss record 422 of 422
==6165==    at 0x4C2E0EF: operator new(unsigned long) (in /usr/lib/valgrind/vgpreload_memcheck-amd64-linux.so)
==6165==    by 0x25C43F66: BaconServiceManager::createGenericConnection(Content_t*) (BaconServiceManager.cc:1997)
==6165==    by 0x25C4458A: BaconServiceManager::createServerSidedConnection(WaveShortMessage*) (BaconServiceManager.cc:2066)
==6165==    by 0x25C3FCA4: BaconServiceManager::handleInterestMessage(WaveShortMessage*) (BaconServiceManager.cc:1078)
==6165==    by 0x25C3E206: BaconServiceManager::onNetworkMessage(WaveShortMessage*) (BaconServiceManager.cc:669)
==6165==    by 0x25C46398: BaconServiceManager::handleLowerMsg(omnetpp::cMessage*) (BaconServiceManager.cc:2486)
==6165==    by 0x25C4622B: BaconServiceManager::handleMessage(omnetpp::cMessage*) (BaconServiceManager.cc:2464)
==6165==    by 0x6101E7A: omnetpp::cSimulation::doMessageEvent(omnetpp::cMessage*, omnetpp::cSimpleModule*) (csimulation.cc:692)
==6165==    by 0x6101B55: omnetpp::cSimulation::executeEvent(omnetpp::cEvent*) (csimulation.cc:634)
==6165==    by 0x4E45BE8: omnetpp::cmdenv::Cmdenv::simulate() (cmdenv.cc:396)
==6165==    by 0x4E455CA: omnetpp::cmdenv::Cmdenv::doRun() (cmdenv.cc:276)
==6165==    by 0x5143413: omnetpp::envir::EnvirBase::run() (envirbase.cc:580)
==6165== 
==6165== LEAK SUMMARY:
==6165==    definitely lost: 54,978,384 bytes in 434,299 blocks
==6165==    indirectly lost: 3,967,535 bytes in 159,648 blocks
==6165==      possibly lost: 73,392 bytes in 205 blocks
==6165==    still reachable: 8,918,894 bytes in 100,344 blocks
==6165==                       of which reachable via heuristic:
==6165==                         newarray           : 1,536 bytes in 16 blocks
==6165==         suppressed: 0 bytes in 0 blocks
==6165== Reachable blocks (those to which a pointer was found) are not shown.
==6165== To see them, rerun with: --leak-check=full --show-leak-kinds=all
==6165== 
==6165== For counts of detected and suppressed errors, rerun with: -v
==6165== ERROR SUMMARY: 54 errors from 54 contexts (suppressed: 0 from 0)
